2020-07-07 09:51:19,267 gromacs      INFO     GromacsWrapper 0.8.0 STARTED logging to 'gromacs.log'
2020-07-07 09:51:19,385 gromacs      INFO     GromacsWrapper 0.8.0 STARTED logging to 'gromacs.log'
2020-07-07 09:51:19,385 gromacs      INFO     GromacsWrapper 0.8.0 STARTED logging to 'gromacs.log'
2020-07-07 09:51:20,211 gromacs.core DEBUG    printf "q\n" | gmx make_ndx -f design_output/1ppg_design/1ppg_AAPAAAPP.pdb -o design_output/1ppg_design/reference.ndx
2020-07-07 09:51:20,211 gromacs.core DEBUG    printf "q\n" | gmx make_ndx -f design_output/1ppg_design/1ppg_AAPAAAPP.pdb -o design_output/1ppg_design/reference.ndx
2020-07-07 09:51:20,496 gromacs.core DEBUG    printf "q\n" | gmx make_ndx -f design_output/1ppg_design/1ppg_AAPAAAPP.gro -o design_output/1ppg_design/molecules_1.ndx
2020-07-07 09:51:20,496 gromacs.core DEBUG    printf "q\n" | gmx make_ndx -f design_output/1ppg_design/1ppg_AAPAAAPP.gro -o design_output/1ppg_design/molecules_1.ndx
2020-07-07 09:51:20,689 gromacs.core DEBUG    printf "chain A\n18 & 1\nname 19 chainA\nchain B\n20 & 1\nname 21 binder\nchain A\nname 22 target\nq\n" | gmx make_ndx -f design_output/1ppg_design/1ppg_AAPAAAPP.pdb -o design_output/1ppg_design/molecules_2.ndx
2020-07-07 09:51:20,689 gromacs.core DEBUG    printf "chain A\n18 & 1\nname 19 chainA\nchain B\n20 & 1\nname 21 binder\nchain A\nname 22 target\nq\n" | gmx make_ndx -f design_output/1ppg_design/1ppg_AAPAAAPP.pdb -o design_output/1ppg_design/molecules_2.ndx
2020-07-07 09:51:20,961 gromacs.core DEBUG    gmx grompp -f design_output/1ppg_design/mdp/md-NPT.mdp -o design_output/1ppg_design/md-npt.tpr -p design_output/1ppg_design/topol.top -c design_output/1ppg_design/1ppg_AAPAAAPP.gro -n design_output/1ppg_design/molecules.ndx
2020-07-07 09:51:20,961 gromacs.core DEBUG    gmx grompp -f design_output/1ppg_design/mdp/md-NPT.mdp -o design_output/1ppg_design/md-npt.tpr -p design_output/1ppg_design/topol.top -c design_output/1ppg_design/1ppg_AAPAAAPP.gro -n design_output/1ppg_design/molecules.ndx
2020-07-07 09:51:21,815 gromacs.core DEBUG    printf "0\n" | gmx trjconv -f design_output/1ppg_design/md-npt.xtc -s design_output/1ppg_design/md-npt.tpr -n design_output/1ppg_design/molecules.ndx -pbc nojump -o design_output/1ppg_design/NOJUMP.xtc
2020-07-07 09:51:21,815 gromacs.core DEBUG    printf "0\n" | gmx trjconv -f design_output/1ppg_design/md-npt.xtc -s design_output/1ppg_design/md-npt.tpr -n design_output/1ppg_design/molecules.ndx -pbc nojump -o design_output/1ppg_design/NOJUMP.xtc
2020-07-07 09:51:22,301 gromacs.core DEBUG    printf "Protein \n 0\n" | gmx trjconv -f design_output/1ppg_design/NOJUMP.xtc -s design_output/1ppg_design/md-npt.tpr -n design_output/1ppg_design/molecules.ndx -o design_output/1ppg_design/CENTER.xtc -center
2020-07-07 09:51:22,301 gromacs.core DEBUG    printf "Protein \n 0\n" | gmx trjconv -f design_output/1ppg_design/NOJUMP.xtc -s design_output/1ppg_design/md-npt.tpr -n design_output/1ppg_design/molecules.ndx -o design_output/1ppg_design/CENTER.xtc -center
2020-07-07 09:51:22,608 gromacs.core DEBUG    printf "0\n" | gmx trjconv -f design_output/1ppg_design/CENTER.xtc -s design_output/1ppg_design/md-npt.tpr -n design_output/1ppg_design/molecules.ndx -pbc mol -ur compact -o design_output/1ppg_design/npt-pbc.xtc
2020-07-07 09:51:22,608 gromacs.core DEBUG    printf "0\n" | gmx trjconv -f design_output/1ppg_design/CENTER.xtc -s design_output/1ppg_design/md-npt.tpr -n design_output/1ppg_design/molecules.ndx -pbc mol -ur compact -o design_output/1ppg_design/npt-pbc.xtc
2020-07-07 09:51:23,035 gromacs.core DEBUG    printf "0\n" | gmx trjconv -f design_output/1ppg_design/CENTER.xtc -s design_output/1ppg_design/md-npt.tpr -n design_output/1ppg_design/molecules.ndx -pbc mol -b 5000.0 -ur compact -o design_output/1ppg_design/npt-pbc.gro
2020-07-07 09:51:23,035 gromacs.core DEBUG    printf "0\n" | gmx trjconv -f design_output/1ppg_design/CENTER.xtc -s design_output/1ppg_design/md-npt.tpr -n design_output/1ppg_design/molecules.ndx -pbc mol -b 5000.0 -ur compact -o design_output/1ppg_design/npt-pbc.gro
2020-07-07 09:51:23,414 gromacs.core DEBUG    printf "target\n" | gmx trjconv -f design_output/1ppg_design/npt-pbc.xtc -s design_output/1ppg_design/md-npt.tpr -n design_output/1ppg_design/molecules.ndx -b 5000.0 -o design_output/1ppg_design/target/target_0.pdb
2020-07-07 09:51:23,414 gromacs.core DEBUG    printf "target\n" | gmx trjconv -f design_output/1ppg_design/npt-pbc.xtc -s design_output/1ppg_design/md-npt.tpr -n design_output/1ppg_design/molecules.ndx -b 5000.0 -o design_output/1ppg_design/target/target_0.pdb
2020-07-07 09:51:23,680 gromacs.core DEBUG    printf "binder\n" | gmx trjconv -f design_output/1ppg_design/npt-pbc.xtc -s design_output/1ppg_design/md-npt.tpr -n design_output/1ppg_design/molecules.ndx -b 5000.0 -o design_output/1ppg_design/binder/binder_0.pdb
2020-07-07 09:51:23,680 gromacs.core DEBUG    printf "binder\n" | gmx trjconv -f design_output/1ppg_design/npt-pbc.xtc -s design_output/1ppg_design/md-npt.tpr -n design_output/1ppg_design/molecules.ndx -b 5000.0 -o design_output/1ppg_design/binder/binder_0.pdb
2020-07-07 09:51:23,944 gromacs.core DEBUG    printf "Protein\n" | gmx trjconv -f design_output/1ppg_design/npt-pbc.xtc -s design_output/1ppg_design/md-npt.tpr -n design_output/1ppg_design/molecules.ndx -b 5000.0 -o design_output/1ppg_design/complexP/complexP_0.pdb
2020-07-07 09:51:23,944 gromacs.core DEBUG    printf "Protein\n" | gmx trjconv -f design_output/1ppg_design/npt-pbc.xtc -s design_output/1ppg_design/md-npt.tpr -n design_output/1ppg_design/molecules.ndx -b 5000.0 -o design_output/1ppg_design/complexP/complexP_0.pdb
2020-07-07 09:51:24,209 gromacs.core DEBUG    printf "Water_and_ions\n" | gmx trjconv -f design_output/1ppg_design/npt-pbc.xtc -s design_output/1ppg_design/md-npt.tpr -n design_output/1ppg_design/molecules.ndx -b 5000.0 -o design_output/1ppg_design/solvent/solvent_0.pdb
2020-07-07 09:51:24,209 gromacs.core DEBUG    printf "Water_and_ions\n" | gmx trjconv -f design_output/1ppg_design/npt-pbc.xtc -s design_output/1ppg_design/md-npt.tpr -n design_output/1ppg_design/molecules.ndx -b 5000.0 -o design_output/1ppg_design/solvent/solvent_0.pdb
2020-07-07 09:51:24,586 gromacs.core DEBUG    printf "System\n" | gmx trjconv -f design_output/1ppg_design/npt-pbc.xtc -s design_output/1ppg_design/md-npt.tpr -n design_output/1ppg_design/molecules.ndx -b 5000.0 -o design_output/1ppg_design/system/system_0.pdb
2020-07-07 09:51:24,586 gromacs.core DEBUG    printf "System\n" | gmx trjconv -f design_output/1ppg_design/npt-pbc.xtc -s design_output/1ppg_design/md-npt.tpr -n design_output/1ppg_design/molecules.ndx -b 5000.0 -o design_output/1ppg_design/system/system_0.pdb
2020-07-07 09:51:24,971 gromacs.core DEBUG    printf "1\n" | gmx trjconv -f design_output/1ppg_design/npt-pbc.xtc -s design_output/1ppg_design/md-npt.tpr -n design_output/1ppg_design/molecules.ndx -o design_output/1ppg_design/all_npt_traj.pdb
2020-07-07 09:51:24,971 gromacs.core DEBUG    printf "1\n" | gmx trjconv -f design_output/1ppg_design/npt-pbc.xtc -s design_output/1ppg_design/md-npt.tpr -n design_output/1ppg_design/molecules.ndx -o design_output/1ppg_design/all_npt_traj.pdb
2020-07-07 09:51:26,165 gromacs.core DEBUG    printf "1\n" | gmx trjconv -f design_output/1ppg_design/npt-pbc.xtc -s design_output/1ppg_design/md-npt.tpr -n design_output/1ppg_design/molecules.ndx -o design_output/1ppg_design/all_npt_traj.pdb
2020-07-07 09:51:26,165 gromacs.core DEBUG    printf "1\n" | gmx trjconv -f design_output/1ppg_design/npt-pbc.xtc -s design_output/1ppg_design/md-npt.tpr -n design_output/1ppg_design/molecules.ndx -o design_output/1ppg_design/all_npt_traj.pdb
2020-07-07 09:51:26,755 gromacs.core DEBUG    printf "target\n" | gmx trjconv -f design_output/1ppg_design/npt-pbc.xtc -s design_output/1ppg_design/md-npt.tpr -n design_output/1ppg_design/molecules.ndx -o design_output/1ppg_design/target_npt_traj.pdb
2020-07-07 09:51:26,755 gromacs.core DEBUG    printf "target\n" | gmx trjconv -f design_output/1ppg_design/npt-pbc.xtc -s design_output/1ppg_design/md-npt.tpr -n design_output/1ppg_design/molecules.ndx -o design_output/1ppg_design/target_npt_traj.pdb
2020-07-07 09:51:27,353 gromacs.core DEBUG    printf "binder\n" | gmx trjconv -f design_output/1ppg_design/npt-pbc.xtc -s design_output/1ppg_design/md-npt.tpr -n design_output/1ppg_design/molecules.ndx -o design_output/1ppg_design/binder_npt_traj.pdb
2020-07-07 09:51:27,353 gromacs.core DEBUG    printf "binder\n" | gmx trjconv -f design_output/1ppg_design/npt-pbc.xtc -s design_output/1ppg_design/md-npt.tpr -n design_output/1ppg_design/molecules.ndx -o design_output/1ppg_design/binder_npt_traj.pdb
