Log file opened on Mon Jul  6 16:18:46 2020
Host: BioTD03  pid: 121898  rank ID: 0  number of ranks:  1
                   :-) GROMACS - gmx mdrun, VERSION 5.1.4 (-:

                            GROMACS is written by:
     Emile Apol      Rossen Apostolov  Herman J.C. Berendsen    Par Bjelkmar   
 Aldert van Buuren   Rudi van Drunen     Anton Feenstra   Sebastian Fritsch 
  Gerrit Groenhof   Christoph Junghans   Anca Hamuraru    Vincent Hindriksen
 Dimitrios Karkoulis    Peter Kasson        Jiri Kraus      Carsten Kutzner  
    Per Larsson      Justin A. Lemkul   Magnus Lundborg   Pieter Meulenhoff 
   Erik Marklund      Teemu Murtola       Szilard Pall       Sander Pronk   
   Roland Schulz     Alexey Shvetsov     Michael Shirts     Alfons Sijbers  
   Peter Tieleman    Teemu Virolainen  Christian Wennberg    Maarten Wolf   
                           and the project leaders:
        Mark Abraham, Berk Hess, Erik Lindahl, and David van der Spoel

Copyright (c) 1991-2000, University of Groningen, The Netherlands.
Copyright (c) 2001-2015, The GROMACS development team at
Uppsala University, Stockholm University and
the Royal Institute of Technology, Sweden.
check out http://www.gromacs.org for more information.

GROMACS is free software; you can redistribute it and/or modify it
under the terms of the GNU Lesser General Public License
as published by the Free Software Foundation; either version 2.1
of the License, or (at your option) any later version.

GROMACS:      gmx mdrun, VERSION 5.1.4
Executable:   /usr/local/gromacs/bin/gmx
Data prefix:  /usr/local/gromacs
Command line:
  gmx mdrun -deffnm design_output/1ppg_design/md-npt

GROMACS version:    VERSION 5.1.4
Precision:          single
Memory model:       64 bit
MPI library:        thread_mpi
OpenMP support:     enabled (GMX_OPENMP_MAX_THREADS = 32)
GPU support:        enabled
OpenCL support:     disabled
invsqrt routine:    gmx_software_invsqrt(x)
SIMD instructions:  AVX2_256
FFT library:        fftw-3.3.4-sse2-avx
RDTSCP usage:       enabled
C++11 compilation:  disabled
TNG support:        enabled
Tracing support:    disabled
Built on:           jue may 10 01:14:42 -05 2018
Built by:           rochoa@BioTD03 [CMAKE]
Build OS/arch:      Linux 4.4.0-116-generic x86_64
Build CPU vendor:   GenuineIntel
Build CPU brand:    Intel(R) Xeon(R) CPU E5-2643 v4 @ 3.40GHz
Build CPU family:   6   Model: 79   Stepping: 1
Build CPU features: aes apic avx avx2 clfsh cmov cx8 cx16 f16c fma htt lahf_lm mmx msr nonstop_tsc pcid pclmuldq pdcm pdpe1gb popcnt pse rdrnd rdtscp sse2 sse3 sse4.1 sse4.2 ssse3 tdt x2apic
C compiler:         /usr/bin/cc GNU 5.4.0
C compiler flags:    -march=core-avx2    -Wextra -Wno-missing-field-initializers -Wno-sign-compare -Wpointer-arith -Wall -Wno-unused -Wunused-value -Wunused-parameter  -O3 -DNDEBUG -funroll-all-loops -fexcess-precision=fast  -Wno-array-bounds 
C++ compiler:       /usr/bin/c++ GNU 5.4.0
C++ compiler flags:  -march=core-avx2    -Wextra -Wno-missing-field-initializers -Wpointer-arith -Wall -Wno-unused-function  -O3 -DNDEBUG -funroll-all-loops -fexcess-precision=fast  -Wno-array-bounds 
Boost version:      1.58.0 (external)
CUDA compiler:      /usr/local/cuda/bin/nvcc nvcc: NVIDIA (R) Cuda compiler driver;Copyright (c) 2005-2016 NVIDIA Corporation;Built on Tue_Jan_10_13:22:03_CST_2017;Cuda compilation tools, release 8.0, V8.0.61
CUDA compiler flags:-gencode;arch=compute_20,code=sm_20;-gencode;arch=compute_30,code=sm_30;-gencode;arch=compute_35,code=sm_35;-gencode;arch=compute_37,code=sm_37;-gencode;arch=compute_50,code=sm_50;-gencode;arch=compute_52,code=sm_52;-gencode;arch=compute_60,code=sm_60;-gencode;arch=compute_61,code=sm_61;-gencode;arch=compute_60,code=compute_60;-gencode;arch=compute_61,code=compute_61;-use_fast_math;-D_FORCE_INLINES; ;-march=core-avx2;-Wextra;-Wno-missing-field-initializers;-Wpointer-arith;-Wall;-Wno-unused-function;-O3;-DNDEBUG;-funroll-all-loops;-fexcess-precision=fast;-Wno-array-bounds;
CUDA driver:        8.0
CUDA runtime:       8.0


Running on 1 node with total 12 cores, 24 logical cores, 1 compatible GPU
Hardware detected:
  CPU info:
    Vendor: GenuineIntel
    Brand:  Intel(R) Xeon(R) CPU E5-2643 v4 @ 3.40GHz
    Family:  6  model: 79  stepping:  1
    CPU features: aes apic avx avx2 clfsh cmov cx8 cx16 f16c fma htt lahf_lm mmx msr nonstop_tsc pcid pclmuldq pdcm pdpe1gb popcnt pse rdrnd rdtscp sse2 sse3 sse4.1 sse4.2 ssse3 tdt x2apic
    SIMD instructions most likely to fit this hardware: AVX2_256
    SIMD instructions selected at GROMACS compile time: AVX2_256
  GPU info:
    Number of GPUs detected: 1
    #0: NVIDIA Tesla P4, compute cap.: 6.1, ECC: yes, stat: compatible


++++ PLEASE READ AND CITE THE FOLLOWING REFERENCE ++++
M. J. Abraham, T. Murtola, R. Schulz, S. Páll, J. C. Smith, B. Hess, E.
Lindahl
GROMACS: High performance molecular simulations through multi-level
parallelism from laptops to supercomputers
SoftwareX 1 (2015) pp. 19-25
-------- -------- --- Thank You --- -------- --------


++++ PLEASE READ AND CITE THE FOLLOWING REFERENCE ++++
S. Páll, M. J. Abraham, C. Kutzner, B. Hess, E. Lindahl
Tackling Exascale Software Challenges in Molecular Dynamics Simulations with
GROMACS
In S. Markidis & E. Laure (Eds.), Solving Software Challenges for Exascale 8759 (2015) pp. 3-27
-------- -------- --- Thank You --- -------- --------


++++ PLEASE READ AND CITE THE FOLLOWING REFERENCE ++++
S. Pronk, S. Páll, R. Schulz, P. Larsson, P. Bjelkmar, R. Apostolov, M. R.
Shirts, J. C. Smith, P. M. Kasson, D. van der Spoel, B. Hess, and E. Lindahl
GROMACS 4.5: a high-throughput and highly parallel open source molecular
simulation toolkit
Bioinformatics 29 (2013) pp. 845-54
-------- -------- --- Thank You --- -------- --------


++++ PLEASE READ AND CITE THE FOLLOWING REFERENCE ++++
B. Hess and C. Kutzner and D. van der Spoel and E. Lindahl
GROMACS 4: Algorithms for highly efficient, load-balanced, and scalable
molecular simulation
J. Chem. Theory Comput. 4 (2008) pp. 435-447
-------- -------- --- Thank You --- -------- --------


++++ PLEASE READ AND CITE THE FOLLOWING REFERENCE ++++
D. van der Spoel, E. Lindahl, B. Hess, G. Groenhof, A. E. Mark and H. J. C.
Berendsen
GROMACS: Fast, Flexible and Free
J. Comp. Chem. 26 (2005) pp. 1701-1719
-------- -------- --- Thank You --- -------- --------


++++ PLEASE READ AND CITE THE FOLLOWING REFERENCE ++++
E. Lindahl and B. Hess and D. van der Spoel
GROMACS 3.0: A package for molecular simulation and trajectory analysis
J. Mol. Mod. 7 (2001) pp. 306-317
-------- -------- --- Thank You --- -------- --------


++++ PLEASE READ AND CITE THE FOLLOWING REFERENCE ++++
H. J. C. Berendsen, D. van der Spoel and R. van Drunen
GROMACS: A message-passing parallel molecular dynamics implementation
Comp. Phys. Comm. 91 (1995) pp. 43-56
-------- -------- --- Thank You --- -------- --------


For optimal performance with a GPU nstlist (now 10) should be larger.
The optimum depends on your CPU and GPU resources.
You might want to try several nstlist values.
Changing nstlist from 10 to 25, rlist from 0.8 to 0.855

Input Parameters:
   integrator                     = md
   tinit                          = 0
   dt                             = 0.002
   nsteps                         = 2500000
   init-step                      = 0
   simulation-part                = 1
   comm-mode                      = Linear
   nstcomm                        = 100
   bd-fric                        = 0
   ld-seed                        = 1831856720
   emtol                          = 10
   emstep                         = 0.01
   niter                          = 20
   fcstep                         = 0
   nstcgsteep                     = 1000
   nbfgscorr                      = 10
   rtpi                           = 0.05
   nstxout                        = 0
   nstvout                        = 0
   nstfout                        = 0
   nstlog                         = 50000
   nstcalcenergy                  = 100
   nstenergy                      = 50000
   nstxout-compressed             = 50000
   compressed-x-precision         = 1000
   cutoff-scheme                  = Verlet
   nstlist                        = 25
   ns-type                        = Grid
   pbc                            = xyz
   periodic-molecules             = FALSE
   verlet-buffer-tolerance        = 0.005
   rlist                          = 0.855
   rlistlong                      = 0.855
   nstcalclr                      = 10
   coulombtype                    = PME
   coulomb-modifier               = Potential-shift
   rcoulomb-switch                = 0
   rcoulomb                       = 0.8
   epsilon-r                      = 1
   epsilon-rf                     = inf
   vdw-type                       = Cut-off
   vdw-modifier                   = Potential-shift
   rvdw-switch                    = 0
   rvdw                           = 0.8
   DispCorr                       = EnerPres
   table-extension                = 1
   fourierspacing                 = 0.16
   fourier-nx                     = 44
   fourier-ny                     = 44
   fourier-nz                     = 44
   pme-order                      = 4
   ewald-rtol                     = 1e-05
   ewald-rtol-lj                  = 0.001
   lj-pme-comb-rule               = Geometric
   ewald-geometry                 = 0
   epsilon-surface                = 0
   implicit-solvent               = No
   gb-algorithm                   = Still
   nstgbradii                     = 1
   rgbradii                       = 1
   gb-epsilon-solvent             = 80
   gb-saltconc                    = 0
   gb-obc-alpha                   = 1
   gb-obc-beta                    = 0.8
   gb-obc-gamma                   = 4.85
   gb-dielectric-offset           = 0.009
   sa-algorithm                   = Ace-approximation
   sa-surface-tension             = 2.05016
   tcoupl                         = V-rescale
   nsttcouple                     = 10
   nh-chain-length                = 0
   print-nose-hoover-chain-variables = FALSE
   pcoupl                         = Parrinello-Rahman
   pcoupltype                     = Isotropic
   nstpcouple                     = 10
   tau-p                          = 2
   compressibility (3x3):
      compressibility[    0]={ 4.50000e-05,  0.00000e+00,  0.00000e+00}
      compressibility[    1]={ 0.00000e+00,  4.50000e-05,  0.00000e+00}
      compressibility[    2]={ 0.00000e+00,  0.00000e+00,  4.50000e-05}
   ref-p (3x3):
      ref-p[    0]={ 1.00000e+00,  0.00000e+00,  0.00000e+00}
      ref-p[    1]={ 0.00000e+00,  1.00000e+00,  0.00000e+00}
      ref-p[    2]={ 0.00000e+00,  0.00000e+00,  1.00000e+00}
   refcoord-scaling               = COM
   posres-com (3):
      posres-com[0]= 0.00000e+00
      posres-com[1]= 0.00000e+00
      posres-com[2]= 0.00000e+00
   posres-comB (3):
      posres-comB[0]= 0.00000e+00
      posres-comB[1]= 0.00000e+00
      posres-comB[2]= 0.00000e+00
   QMMM                           = FALSE
   QMconstraints                  = 0
   QMMMscheme                     = 0
   MMChargeScaleFactor            = 1
qm-opts:
   ngQM                           = 0
   constraint-algorithm           = Lincs
   continuation                   = TRUE
   Shake-SOR                      = FALSE
   shake-tol                      = 0.0001
   lincs-order                    = 4
   lincs-iter                     = 1
   lincs-warnangle                = 30
   nwall                          = 0
   wall-type                      = 9-3
   wall-r-linpot                  = -1
   wall-atomtype[0]               = -1
   wall-atomtype[1]               = -1
   wall-density[0]                = 0
   wall-density[1]                = 0
   wall-ewald-zfac                = 3
   pull                           = FALSE
   rotation                       = FALSE
   interactiveMD                  = FALSE
   disre                          = No
   disre-weighting                = Conservative
   disre-mixed                    = FALSE
   dr-fc                          = 1000
   dr-tau                         = 0
   nstdisreout                    = 100
   orire-fc                       = 0
   orire-tau                      = 0
   nstorireout                    = 100
   free-energy                    = no
   cos-acceleration               = 0
   deform (3x3):
      deform[    0]={ 0.00000e+00,  0.00000e+00,  0.00000e+00}
      deform[    1]={ 0.00000e+00,  0.00000e+00,  0.00000e+00}
      deform[    2]={ 0.00000e+00,  0.00000e+00,  0.00000e+00}
   simulated-tempering            = FALSE
   E-x:
      n = 0
   E-xt:
      n = 0
   E-y:
      n = 0
   E-yt:
      n = 0
   E-z:
      n = 0
   E-zt:
      n = 0
   swapcoords                     = no
   adress                         = FALSE
   userint1                       = 0
   userint2                       = 0
   userint3                       = 0
   userint4                       = 0
   userreal1                      = 0
   userreal2                      = 0
   userreal3                      = 0
   userreal4                      = 0
grpopts:
   nrdf:     6636.69     57285.3
   ref-t:         310         310
   tau-t:         0.1         0.1
annealing:          No          No
annealing-npoints:           0           0
   acc:	           0           0           0
   nfreeze:           N           N           N
   energygrp-flags[  0]: 0

Using 1 MPI thread
Using 24 OpenMP threads 

1 compatible GPU is present, with ID 0
1 GPU auto-selected for this run.
Mapping of GPU ID to the 1 PP rank in this node: 0

Will do PME sum in reciprocal space for electrostatic interactions.

++++ PLEASE READ AND CITE THE FOLLOWING REFERENCE ++++
U. Essmann, L. Perera, M. L. Berkowitz, T. Darden, H. Lee and L. G. Pedersen 
A smooth particle mesh Ewald method
J. Chem. Phys. 103 (1995) pp. 8577-8592
-------- -------- --- Thank You --- -------- --------

Will do ordinary reciprocal space Ewald sum.
Using a Gaussian width (1/beta) of 0.25613 nm for Ewald
Cut-off's:   NS: 0.855   Coulomb: 0.8   LJ: 0.8
Long Range LJ corr.: <C6> 3.2514e-04
System total charge: 0.000
Generated table with 927 data points for Ewald.
Tabscale = 500 points/nm
Generated table with 927 data points for LJ6.
Tabscale = 500 points/nm
Generated table with 927 data points for LJ12.
Tabscale = 500 points/nm
Generated table with 927 data points for 1-4 COUL.
Tabscale = 500 points/nm
Generated table with 927 data points for 1-4 LJ6.
Tabscale = 500 points/nm
Generated table with 927 data points for 1-4 LJ12.
Tabscale = 500 points/nm
Potential shift: LJ r^-12: -1.455e+01 r^-6: -3.815e+00, Ewald -1.000e-05
Initialized non-bonded Ewald correction tables, spacing: 8.35e-04 size: 960


NOTE: GROMACS was configured without NVML support hence it can not exploit
      application clocks of the detected Tesla P4 GPU to improve performance.
      Recompile with the NVML library (compatible with the driver used) or set application clocks manually.


Using GPU 8x8 non-bonded kernels

Pinning threads with an auto-selected logical core stride of 1

Initializing LINear Constraint Solver

++++ PLEASE READ AND CITE THE FOLLOWING REFERENCE ++++
B. Hess and H. Bekker and H. J. C. Berendsen and J. G. E. M. Fraaije
LINCS: A Linear Constraint Solver for molecular simulations
J. Comp. Chem. 18 (1997) pp. 1463-1472
-------- -------- --- Thank You --- -------- --------

The number of constraints is 3371

++++ PLEASE READ AND CITE THE FOLLOWING REFERENCE ++++
S. Miyamoto and P. A. Kollman
SETTLE: An Analytical Version of the SHAKE and RATTLE Algorithms for Rigid
Water Models
J. Comp. Chem. 13 (1992) pp. 952-962
-------- -------- --- Thank You --- -------- --------

Center of mass motion removal mode is Linear
We have the following groups for center of mass motion removal:
  0:  rest

++++ PLEASE READ AND CITE THE FOLLOWING REFERENCE ++++
G. Bussi, D. Donadio and M. Parrinello
Canonical sampling through velocity rescaling
J. Chem. Phys. 126 (2007) pp. 014101
-------- -------- --- Thank You --- -------- --------

There are: 31975 Atoms
Initial temperature: 811.641 K

Started mdrun on rank 0 Mon Jul  6 16:18:49 2020
           Step           Time         Lambda
              0        0.00000        0.00000

   Energies (kJ/mol)
          Angle    Proper Dih.  Improper Dih.          LJ-14     Coulomb-14
    7.57079e+03    8.77971e+03    4.56877e+02    3.56543e+03    2.61740e+04
        LJ (SR)  Disper. corr.   Coulomb (SR)   Coul. recip.      Potential
    5.45867e+04   -8.33874e+03   -5.04812e+05    7.73065e+03   -4.04287e+05
    Kinetic En.   Total Energy    Temperature Pres. DC (bar) Pressure (bar)
    2.15961e+05   -1.88326e+05    8.12683e+02   -4.26576e+02    4.74001e+03
   Constr. rmsd
    3.19076e-05

step   50: timed with pme grid 44 44 44, coulomb cutoff 0.800: 201.2 M-cycles
step  100: timed with pme grid 40 40 40, coulomb cutoff 0.860: 184.3 M-cycles
step  150: timed with pme grid 36 36 36, coulomb cutoff 0.955: 157.7 M-cycles
step  200: timed with pme grid 32 32 32, coulomb cutoff 1.075: 167.5 M-cycles
step  250: timed with pme grid 28 28 28, coulomb cutoff 1.228: 183.3 M-cycles
step  300: timed with pme grid 32 32 32, coulomb cutoff 1.075: 147.0 M-cycles
step  350: timed with pme grid 36 36 36, coulomb cutoff 0.955: 125.7 M-cycles
step  400: timed with pme grid 36 36 36, coulomb cutoff 0.955: 125.4 M-cycles
              optimal pme grid 36 36 36, coulomb cutoff 0.955
           Step           Time         Lambda
          50000      100.00000        0.00000

   Energies (kJ/mol)
          Angle    Proper Dih.  Improper Dih.          LJ-14     Coulomb-14
    7.22372e+03    8.91752e+03    4.35728e+02    3.53971e+03    2.63542e+04
        LJ (SR)  Disper. corr.   Coulomb (SR)   Coul. recip.      Potential
    5.54288e+04   -8.44704e+03   -5.08406e+05    3.64753e+03   -4.11306e+05
    Kinetic En.   Total Energy    Temperature Pres. DC (bar) Pressure (bar)
    8.27936e+04   -3.28512e+05    3.11561e+02   -4.37701e+02   -1.11900e+02
   Constr. rmsd
    2.84016e-05

           Step           Time         Lambda
         100000      200.00000        0.00000

   Energies (kJ/mol)
          Angle    Proper Dih.  Improper Dih.          LJ-14     Coulomb-14
    7.34566e+03    8.71082e+03    4.00020e+02    3.48426e+03    2.61457e+04
        LJ (SR)  Disper. corr.   Coulomb (SR)   Coul. recip.      Potential
    5.56394e+04   -8.39937e+03   -5.08541e+05    3.63930e+03   -4.11576e+05
    Kinetic En.   Total Energy    Temperature Pres. DC (bar) Pressure (bar)
    8.28539e+04   -3.28722e+05    3.11787e+02   -4.32787e+02   -1.10305e+02
   Constr. rmsd
    2.86948e-05

           Step           Time         Lambda
         150000      300.00000        0.00000

   Energies (kJ/mol)
          Angle    Proper Dih.  Improper Dih.          LJ-14     Coulomb-14
    7.40343e+03    8.61812e+03    4.02222e+02    3.49728e+03    2.62269e+04
        LJ (SR)  Disper. corr.   Coulomb (SR)   Coul. recip.      Potential
    5.59585e+04   -8.41864e+03   -5.06531e+05    3.57452e+03   -4.09268e+05
    Kinetic En.   Total Energy    Temperature Pres. DC (bar) Pressure (bar)
    8.27704e+04   -3.26498e+05    3.11473e+02   -4.34771e+02    1.21126e+02
   Constr. rmsd
    2.90743e-05

           Step           Time         Lambda
         200000      400.00000        0.00000

   Energies (kJ/mol)
          Angle    Proper Dih.  Improper Dih.          LJ-14     Coulomb-14
    7.21658e+03    8.77423e+03    4.79808e+02    3.56517e+03    2.62796e+04
        LJ (SR)  Disper. corr.   Coulomb (SR)   Coul. recip.      Potential
    5.64785e+04   -8.45470e+03   -5.09178e+05    3.59811e+03   -4.11241e+05
    Kinetic En.   Total Energy    Temperature Pres. DC (bar) Pressure (bar)
    8.21526e+04   -3.29088e+05    3.09148e+02   -4.38494e+02    1.29221e+02
   Constr. rmsd
    2.69311e-05

           Step           Time         Lambda
         250000      500.00000        0.00000

   Energies (kJ/mol)
          Angle    Proper Dih.  Improper Dih.          LJ-14     Coulomb-14
    7.34451e+03    8.79940e+03    4.50777e+02    3.55754e+03    2.62163e+04
        LJ (SR)  Disper. corr.   Coulomb (SR)   Coul. recip.      Potential
    5.59329e+04   -8.40607e+03   -5.07157e+05    3.69191e+03   -4.09569e+05
    Kinetic En.   Total Energy    Temperature Pres. DC (bar) Pressure (bar)
    8.27758e+04   -3.26794e+05    3.11493e+02   -4.33476e+02    9.56641e+01
   Constr. rmsd
    2.73714e-05

           Step           Time         Lambda
         300000      600.00000        0.00000

   Energies (kJ/mol)
          Angle    Proper Dih.  Improper Dih.          LJ-14     Coulomb-14
    6.85074e+03    8.77428e+03    4.69981e+02    3.55152e+03    2.61602e+04
        LJ (SR)  Disper. corr.   Coulomb (SR)   Coul. recip.      Potential
    5.55695e+04   -8.45282e+03   -5.07942e+05    3.50502e+03   -4.11513e+05
    Kinetic En.   Total Energy    Temperature Pres. DC (bar) Pressure (bar)
    8.15623e+04   -3.29951e+05    3.06927e+02   -4.38300e+02    2.02072e+01
   Constr. rmsd
    2.75481e-05

           Step           Time         Lambda
         350000      700.00000        0.00000

   Energies (kJ/mol)
          Angle    Proper Dih.  Improper Dih.          LJ-14     Coulomb-14
    7.36806e+03    8.86636e+03    4.58465e+02    3.54882e+03    2.62129e+04
        LJ (SR)  Disper. corr.   Coulomb (SR)   Coul. recip.      Potential
    5.55160e+04   -8.44589e+03   -5.06183e+05    3.64322e+03   -4.09016e+05
    Kinetic En.   Total Energy    Temperature Pres. DC (bar) Pressure (bar)
    8.27071e+04   -3.26308e+05    3.11235e+02   -4.37583e+02    5.17751e+01
   Constr. rmsd
    2.91192e-05

           Step           Time         Lambda
         400000      800.00000        0.00000

   Energies (kJ/mol)
          Angle    Proper Dih.  Improper Dih.          LJ-14     Coulomb-14
    7.24547e+03    8.67694e+03    4.66590e+02    3.59895e+03    2.61710e+04
        LJ (SR)  Disper. corr.   Coulomb (SR)   Coul. recip.      Potential
    5.39210e+04   -8.40283e+03   -5.05391e+05    3.60883e+03   -4.10106e+05
    Kinetic En.   Total Energy    Temperature Pres. DC (bar) Pressure (bar)
    8.28461e+04   -3.27259e+05    3.11758e+02   -4.33142e+02   -3.15614e+02
   Constr. rmsd
    2.82753e-05

           Step           Time         Lambda
         450000      900.00000        0.00000

   Energies (kJ/mol)
          Angle    Proper Dih.  Improper Dih.          LJ-14     Coulomb-14
    7.36079e+03    8.61832e+03    4.07517e+02    3.50673e+03    2.62928e+04
        LJ (SR)  Disper. corr.   Coulomb (SR)   Coul. recip.      Potential
    5.58478e+04   -8.45448e+03   -5.08584e+05    3.57578e+03   -4.11429e+05
    Kinetic En.   Total Energy    Temperature Pres. DC (bar) Pressure (bar)
    8.14891e+04   -3.29940e+05    3.06651e+02   -4.38471e+02   -7.93910e+01
   Constr. rmsd
    2.92984e-05

           Step           Time         Lambda
         500000     1000.00000        0.00000

   Energies (kJ/mol)
          Angle    Proper Dih.  Improper Dih.          LJ-14     Coulomb-14
    7.30013e+03    8.63763e+03    4.49502e+02    3.54041e+03    2.62536e+04
        LJ (SR)  Disper. corr.   Coulomb (SR)   Coul. recip.      Potential
    5.62013e+04   -8.39699e+03   -5.07730e+05    3.63700e+03   -4.10108e+05
    Kinetic En.   Total Energy    Temperature Pres. DC (bar) Pressure (bar)
    8.19926e+04   -3.28115e+05    3.08546e+02   -4.32543e+02   -1.80745e+01
   Constr. rmsd
    2.87539e-05

           Step           Time         Lambda
         550000     1100.00000        0.00000

   Energies (kJ/mol)
          Angle    Proper Dih.  Improper Dih.          LJ-14     Coulomb-14
    7.32026e+03    8.76797e+03    4.53848e+02    3.55307e+03    2.62020e+04
        LJ (SR)  Disper. corr.   Coulomb (SR)   Coul. recip.      Potential
    5.55016e+04   -8.41844e+03   -5.06456e+05    3.49302e+03   -4.09583e+05
    Kinetic En.   Total Energy    Temperature Pres. DC (bar) Pressure (bar)
    8.18036e+04   -3.27779e+05    3.07835e+02   -4.34750e+02   -2.39464e+01
   Constr. rmsd
    2.83783e-05

           Step           Time         Lambda
         600000     1200.00000        0.00000

   Energies (kJ/mol)
          Angle    Proper Dih.  Improper Dih.          LJ-14     Coulomb-14
    7.30429e+03    8.72922e+03    4.27594e+02    3.50675e+03    2.61823e+04
        LJ (SR)  Disper. corr.   Coulomb (SR)   Coul. recip.      Potential
    5.66608e+04   -8.45766e+03   -5.08097e+05    3.59714e+03   -4.10146e+05
    Kinetic En.   Total Energy    Temperature Pres. DC (bar) Pressure (bar)
    8.21718e+04   -3.27974e+05    3.09220e+02   -4.38800e+02    2.95136e+02
   Constr. rmsd
    2.83863e-05

Writing checkpoint, step 624875 at Mon Jul  6 16:33:49 2020


           Step           Time         Lambda
         650000     1300.00000        0.00000

   Energies (kJ/mol)
          Angle    Proper Dih.  Improper Dih.          LJ-14     Coulomb-14
    7.17528e+03    8.78766e+03    4.48319e+02    3.56146e+03    2.61714e+04
        LJ (SR)  Disper. corr.   Coulomb (SR)   Coul. recip.      Potential
    5.55098e+04   -8.41414e+03   -5.08024e+05    3.57760e+03   -4.11207e+05
    Kinetic En.   Total Energy    Temperature Pres. DC (bar) Pressure (bar)
    8.22865e+04   -3.28920e+05    3.09652e+02   -4.34307e+02   -5.45597e+01
   Constr. rmsd
    2.76473e-05

           Step           Time         Lambda
         700000     1400.00000        0.00000

   Energies (kJ/mol)
          Angle    Proper Dih.  Improper Dih.          LJ-14     Coulomb-14
    7.17191e+03    8.81159e+03    4.29694e+02    3.53558e+03    2.63921e+04
        LJ (SR)  Disper. corr.   Coulomb (SR)   Coul. recip.      Potential
    5.58929e+04   -8.40925e+03   -5.08323e+05    3.58481e+03   -4.10913e+05
    Kinetic En.   Total Energy    Temperature Pres. DC (bar) Pressure (bar)
    8.27186e+04   -3.28195e+05    3.11278e+02   -4.33803e+02   -6.93459e+01
   Constr. rmsd
    2.81169e-05

           Step           Time         Lambda
         750000     1500.00000        0.00000

   Energies (kJ/mol)
          Angle    Proper Dih.  Improper Dih.          LJ-14     Coulomb-14
    7.02606e+03    8.80768e+03    4.28810e+02    3.50050e+03    2.63288e+04
        LJ (SR)  Disper. corr.   Coulomb (SR)   Coul. recip.      Potential
    5.56042e+04   -8.44545e+03   -5.07230e+05    3.59951e+03   -4.10380e+05
    Kinetic En.   Total Energy    Temperature Pres. DC (bar) Pressure (bar)
    8.15737e+04   -3.28807e+05    3.06970e+02   -4.37537e+02    5.66053e+01
   Constr. rmsd
    2.76934e-05

           Step           Time         Lambda
         800000     1600.00000        0.00000

   Energies (kJ/mol)
          Angle    Proper Dih.  Improper Dih.          LJ-14     Coulomb-14
    7.30207e+03    8.77932e+03    4.11306e+02    3.52346e+03    2.63096e+04
        LJ (SR)  Disper. corr.   Coulomb (SR)   Coul. recip.      Potential
    5.55120e+04   -8.35965e+03   -5.06448e+05    3.63032e+03   -4.09339e+05
    Kinetic En.   Total Energy    Temperature Pres. DC (bar) Pressure (bar)
    8.17478e+04   -3.27591e+05    3.07625e+02   -4.28713e+02   -1.21480e+02
   Constr. rmsd
    2.79890e-05

           Step           Time         Lambda
         850000     1700.00000        0.00000

   Energies (kJ/mol)
          Angle    Proper Dih.  Improper Dih.          LJ-14     Coulomb-14
    7.38903e+03    8.80787e+03    4.16573e+02    3.58004e+03    2.60976e+04
        LJ (SR)  Disper. corr.   Coulomb (SR)   Coul. recip.      Potential
    5.51434e+04   -8.36056e+03   -5.05234e+05    3.72780e+03   -4.08433e+05
    Kinetic En.   Total Energy    Temperature Pres. DC (bar) Pressure (bar)
    8.28376e+04   -3.25595e+05    3.11726e+02   -4.28806e+02    1.04950e+02
   Constr. rmsd
    2.66372e-05

           Step           Time         Lambda
         900000     1800.00000        0.00000

   Energies (kJ/mol)
          Angle    Proper Dih.  Improper Dih.          LJ-14     Coulomb-14
    7.30344e+03    8.82463e+03    4.18997e+02    3.57602e+03    2.63923e+04
        LJ (SR)  Disper. corr.   Coulomb (SR)   Coul. recip.      Potential
    5.69114e+04   -8.42681e+03   -5.08282e+05    3.65989e+03   -4.09622e+05
    Kinetic En.   Total Energy    Temperature Pres. DC (bar) Pressure (bar)
    8.39700e+04   -3.25652e+05    3.15987e+02   -4.35612e+02    2.53564e+02
   Constr. rmsd
    2.94914e-05

           Step           Time         Lambda
         950000     1900.00000        0.00000

   Energies (kJ/mol)
          Angle    Proper Dih.  Improper Dih.          LJ-14     Coulomb-14
    7.22305e+03    8.91234e+03    4.15440e+02    3.51177e+03    2.61729e+04
        LJ (SR)  Disper. corr.   Coulomb (SR)   Coul. recip.      Potential
    5.48618e+04   -8.41037e+03   -5.06814e+05    3.54413e+03   -4.10582e+05
    Kinetic En.   Total Energy    Temperature Pres. DC (bar) Pressure (bar)
    8.29252e+04   -3.27657e+05    3.12056e+02   -4.33918e+02   -1.38270e+02
   Constr. rmsd
    2.82113e-05

           Step           Time         Lambda
        1000000     2000.00000        0.00000

   Energies (kJ/mol)
          Angle    Proper Dih.  Improper Dih.          LJ-14     Coulomb-14
    7.10380e+03    8.79393e+03    4.54316e+02    3.56581e+03    2.65599e+04
        LJ (SR)  Disper. corr.   Coulomb (SR)   Coul. recip.      Potential
    5.59161e+04   -8.41549e+03   -5.08931e+05    3.57789e+03   -4.11375e+05
    Kinetic En.   Total Energy    Temperature Pres. DC (bar) Pressure (bar)
    8.19308e+04   -3.29444e+05    3.08313e+02   -4.34445e+02    6.52975e+01
   Constr. rmsd
    2.65420e-05

           Step           Time         Lambda
        1050000     2100.00000        0.00000

   Energies (kJ/mol)
          Angle    Proper Dih.  Improper Dih.          LJ-14     Coulomb-14
    7.09287e+03    8.86617e+03    4.85302e+02    3.49837e+03    2.63270e+04
        LJ (SR)  Disper. corr.   Coulomb (SR)   Coul. recip.      Potential
    5.60620e+04   -8.43582e+03   -5.08320e+05    3.53729e+03   -4.10887e+05
    Kinetic En.   Total Energy    Temperature Pres. DC (bar) Pressure (bar)
    8.21860e+04   -3.28701e+05    3.09274e+02   -4.36543e+02   -9.68720e+01
   Constr. rmsd
    2.92465e-05

           Step           Time         Lambda
        1100000     2200.00000        0.00000

   Energies (kJ/mol)
          Angle    Proper Dih.  Improper Dih.          LJ-14     Coulomb-14
    7.29277e+03    8.82346e+03    4.32789e+02    3.52172e+03    2.61090e+04
        LJ (SR)  Disper. corr.   Coulomb (SR)   Coul. recip.      Potential
    5.52581e+04   -8.42649e+03   -5.06885e+05    3.62133e+03   -4.10253e+05
    Kinetic En.   Total Energy    Temperature Pres. DC (bar) Pressure (bar)
    8.27086e+04   -3.27544e+05    3.11240e+02   -4.35579e+02   -1.42515e+02
   Constr. rmsd
    2.82479e-05

           Step           Time         Lambda
        1150000     2300.00000        0.00000

   Energies (kJ/mol)
          Angle    Proper Dih.  Improper Dih.          LJ-14     Coulomb-14
    7.10610e+03    8.85936e+03    4.41490e+02    3.55902e+03    2.63946e+04
        LJ (SR)  Disper. corr.   Coulomb (SR)   Coul. recip.      Potential
    5.50966e+04   -8.43095e+03   -5.05935e+05    3.64205e+03   -4.09267e+05
    Kinetic En.   Total Energy    Temperature Pres. DC (bar) Pressure (bar)
    8.21647e+04   -3.27102e+05    3.09194e+02   -4.36040e+02    7.07886e+01
   Constr. rmsd
    2.64349e-05

           Step           Time         Lambda
        1200000     2400.00000        0.00000

   Energies (kJ/mol)
          Angle    Proper Dih.  Improper Dih.          LJ-14     Coulomb-14
    7.34556e+03    8.71261e+03    4.21060e+02    3.60607e+03    2.62178e+04
        LJ (SR)  Disper. corr.   Coulomb (SR)   Coul. recip.      Potential
    5.58625e+04   -8.41106e+03   -5.07200e+05    3.64555e+03   -4.09800e+05
    Kinetic En.   Total Energy    Temperature Pres. DC (bar) Pressure (bar)
    8.29978e+04   -3.26802e+05    3.12329e+02   -4.33989e+02    2.49512e+02
   Constr. rmsd
    2.69209e-05

           Step           Time         Lambda
        1250000     2500.00000        0.00000

   Energies (kJ/mol)
          Angle    Proper Dih.  Improper Dih.          LJ-14     Coulomb-14
    7.32865e+03    8.63522e+03    3.69743e+02    3.51613e+03    2.61228e+04
        LJ (SR)  Disper. corr.   Coulomb (SR)   Coul. recip.      Potential
    5.65435e+04   -8.44599e+03   -5.08329e+05    3.53842e+03   -4.10720e+05
    Kinetic En.   Total Energy    Temperature Pres. DC (bar) Pressure (bar)
    8.17588e+04   -3.28961e+05    3.07666e+02   -4.37593e+02    1.96438e+02
   Constr. rmsd
    2.82568e-05

Writing checkpoint, step 1253375 at Mon Jul  6 16:48:49 2020


           Step           Time         Lambda
        1300000     2600.00000        0.00000

   Energies (kJ/mol)
          Angle    Proper Dih.  Improper Dih.          LJ-14     Coulomb-14
    7.03579e+03    8.75629e+03    3.89010e+02    3.54882e+03    2.64724e+04
        LJ (SR)  Disper. corr.   Coulomb (SR)   Coul. recip.      Potential
    5.56322e+04   -8.42079e+03   -5.08145e+05    3.51376e+03   -4.11218e+05
    Kinetic En.   Total Energy    Temperature Pres. DC (bar) Pressure (bar)
    8.25182e+04   -3.28700e+05    3.10524e+02   -4.34992e+02   -1.09212e+02
   Constr. rmsd
    2.76222e-05

           Step           Time         Lambda
        1350000     2700.00000        0.00000

   Energies (kJ/mol)
          Angle    Proper Dih.  Improper Dih.          LJ-14     Coulomb-14
    7.53633e+03    8.81735e+03    4.02803e+02    3.62765e+03    2.63923e+04
        LJ (SR)  Disper. corr.   Coulomb (SR)   Coul. recip.      Potential
    5.62014e+04   -8.43702e+03   -5.07682e+05    3.55330e+03   -4.09588e+05
    Kinetic En.   Total Energy    Temperature Pres. DC (bar) Pressure (bar)
    8.23773e+04   -3.27211e+05    3.09994e+02   -4.36667e+02    3.43452e+02
   Constr. rmsd
    2.60727e-05

           Step           Time         Lambda
        1400000     2800.00000        0.00000

   Energies (kJ/mol)
          Angle    Proper Dih.  Improper Dih.          LJ-14     Coulomb-14
    7.13767e+03    8.82704e+03    3.92836e+02    3.51777e+03    2.63585e+04
        LJ (SR)  Disper. corr.   Coulomb (SR)   Coul. recip.      Potential
    5.57918e+04   -8.45652e+03   -5.07919e+05    3.60219e+03   -4.10748e+05
    Kinetic En.   Total Energy    Temperature Pres. DC (bar) Pressure (bar)
    8.20183e+04   -3.28730e+05    3.08643e+02   -4.38682e+02    6.48892e+01
   Constr. rmsd
    2.84015e-05

           Step           Time         Lambda
        1450000     2900.00000        0.00000

   Energies (kJ/mol)
          Angle    Proper Dih.  Improper Dih.          LJ-14     Coulomb-14
    7.17995e+03    8.83154e+03    4.44780e+02    3.57613e+03    2.62716e+04
        LJ (SR)  Disper. corr.   Coulomb (SR)   Coul. recip.      Potential
    5.57978e+04   -8.39605e+03   -5.05705e+05    3.70461e+03   -4.08294e+05
    Kinetic En.   Total Energy    Temperature Pres. DC (bar) Pressure (bar)
    8.24485e+04   -3.25846e+05    3.10262e+02   -4.32446e+02    1.36837e+02
   Constr. rmsd
    2.72353e-05

           Step           Time         Lambda
        1500000     3000.00000        0.00000

   Energies (kJ/mol)
          Angle    Proper Dih.  Improper Dih.          LJ-14     Coulomb-14
    7.20879e+03    8.75398e+03    4.33576e+02    3.53595e+03    2.60950e+04
        LJ (SR)  Disper. corr.   Coulomb (SR)   Coul. recip.      Potential
    5.53010e+04   -8.39874e+03   -5.06961e+05    3.52081e+03   -4.10511e+05
    Kinetic En.   Total Energy    Temperature Pres. DC (bar) Pressure (bar)
    8.30657e+04   -3.27445e+05    3.12584e+02   -4.32722e+02   -8.64891e+01
   Constr. rmsd
    2.82260e-05

           Step           Time         Lambda
        1550000     3100.00000        0.00000

   Energies (kJ/mol)
          Angle    Proper Dih.  Improper Dih.          LJ-14     Coulomb-14
    7.16011e+03    8.76968e+03    3.98472e+02    3.53778e+03    2.62961e+04
        LJ (SR)  Disper. corr.   Coulomb (SR)   Coul. recip.      Potential
    5.50315e+04   -8.42386e+03   -5.05609e+05    3.58176e+03   -4.09258e+05
    Kinetic En.   Total Energy    Temperature Pres. DC (bar) Pressure (bar)
    8.26419e+04   -3.26616e+05    3.10989e+02   -4.35309e+02   -2.43500e+00
   Constr. rmsd
    2.83975e-05

           Step           Time         Lambda
        1600000     3200.00000        0.00000

   Energies (kJ/mol)
          Angle    Proper Dih.  Improper Dih.          LJ-14     Coulomb-14
    7.41790e+03    8.82724e+03    3.97116e+02    3.54620e+03    2.60887e+04
        LJ (SR)  Disper. corr.   Coulomb (SR)   Coul. recip.      Potential
    5.67974e+04   -8.42250e+03   -5.09280e+05    3.52240e+03   -4.11106e+05
    Kinetic En.   Total Energy    Temperature Pres. DC (bar) Pressure (bar)
    8.27408e+04   -3.28365e+05    3.11362e+02   -4.35168e+02   -2.61122e+01
   Constr. rmsd
    3.00554e-05

           Step           Time         Lambda
        1650000     3300.00000        0.00000

   Energies (kJ/mol)
          Angle    Proper Dih.  Improper Dih.          LJ-14     Coulomb-14
    7.16308e+03    8.88755e+03    4.19941e+02    3.48443e+03    2.60306e+04
        LJ (SR)  Disper. corr.   Coulomb (SR)   Coul. recip.      Potential
    5.54490e+04   -8.44134e+03   -5.06962e+05    3.54523e+03   -4.10424e+05
    Kinetic En.   Total Energy    Temperature Pres. DC (bar) Pressure (bar)
    8.27851e+04   -3.27639e+05    3.11528e+02   -4.37112e+02   -1.37334e+02
   Constr. rmsd
    3.01240e-05

           Step           Time         Lambda
        1700000     3400.00000        0.00000

   Energies (kJ/mol)
          Angle    Proper Dih.  Improper Dih.          LJ-14     Coulomb-14
    7.34515e+03    8.68845e+03    4.31170e+02    3.51410e+03    2.59081e+04
        LJ (SR)  Disper. corr.   Coulomb (SR)   Coul. recip.      Potential
    5.71165e+04   -8.44877e+03   -5.08668e+05    3.58209e+03   -4.10532e+05
    Kinetic En.   Total Energy    Temperature Pres. DC (bar) Pressure (bar)
    8.20772e+04   -3.28454e+05    3.08865e+02   -4.37881e+02    2.86296e+02
   Constr. rmsd
    2.87895e-05

           Step           Time         Lambda
        1750000     3500.00000        0.00000

   Energies (kJ/mol)
          Angle    Proper Dih.  Improper Dih.          LJ-14     Coulomb-14
    7.27886e+03    8.86355e+03    4.94183e+02    3.66007e+03    2.63361e+04
        LJ (SR)  Disper. corr.   Coulomb (SR)   Coul. recip.      Potential
    5.39856e+04   -8.43202e+03   -5.04729e+05    3.59851e+03   -4.08944e+05
    Kinetic En.   Total Energy    Temperature Pres. DC (bar) Pressure (bar)
    8.31433e+04   -3.25801e+05    3.12876e+02   -4.36150e+02   -7.82436e+01
   Constr. rmsd
    2.70742e-05

           Step           Time         Lambda
        1800000     3600.00000        0.00000

   Energies (kJ/mol)
          Angle    Proper Dih.  Improper Dih.          LJ-14     Coulomb-14
    7.42900e+03    8.75050e+03    3.87247e+02    3.58525e+03    2.61530e+04
        LJ (SR)  Disper. corr.   Coulomb (SR)   Coul. recip.      Potential
    5.46476e+04   -8.37702e+03   -5.05129e+05    3.78542e+03   -4.08768e+05
    Kinetic En.   Total Energy    Temperature Pres. DC (bar) Pressure (bar)
    8.27268e+04   -3.26041e+05    3.11309e+02   -4.30492e+02   -2.67019e+01
   Constr. rmsd
    2.62609e-05

           Step           Time         Lambda
        1850000     3700.00000        0.00000

   Energies (kJ/mol)
          Angle    Proper Dih.  Improper Dih.          LJ-14     Coulomb-14
    7.37826e+03    8.85594e+03    4.29620e+02    3.55325e+03    2.60554e+04
        LJ (SR)  Disper. corr.   Coulomb (SR)   Coul. recip.      Potential
    5.53954e+04   -8.43072e+03   -5.06166e+05    3.64819e+03   -4.09281e+05
    Kinetic En.   Total Energy    Temperature Pres. DC (bar) Pressure (bar)
    8.24515e+04   -3.26830e+05    3.10273e+02   -4.36016e+02   -4.80851e+01
   Constr. rmsd
    2.82754e-05

Writing checkpoint, step 1877550 at Mon Jul  6 17:03:49 2020


           Step           Time         Lambda
        1900000     3800.00000        0.00000

   Energies (kJ/mol)
          Angle    Proper Dih.  Improper Dih.          LJ-14     Coulomb-14
    7.24535e+03    8.71694e+03    3.92326e+02    3.51944e+03    2.61718e+04
        LJ (SR)  Disper. corr.   Coulomb (SR)   Coul. recip.      Potential
    5.45067e+04   -8.42547e+03   -5.05699e+05    3.56563e+03   -4.10006e+05
    Kinetic En.   Total Energy    Temperature Pres. DC (bar) Pressure (bar)
    8.19021e+04   -3.28104e+05    3.08205e+02   -4.35475e+02   -3.43254e+02
   Constr. rmsd
    2.90641e-05

           Step           Time         Lambda
        1950000     3900.00000        0.00000

   Energies (kJ/mol)
          Angle    Proper Dih.  Improper Dih.          LJ-14     Coulomb-14
    7.26424e+03    8.80168e+03    4.05146e+02    3.43260e+03    2.61523e+04
        LJ (SR)  Disper. corr.   Coulomb (SR)   Coul. recip.      Potential
    5.56709e+04   -8.40969e+03   -5.07592e+05    3.59456e+03   -4.10681e+05
    Kinetic En.   Total Energy    Temperature Pres. DC (bar) Pressure (bar)
    8.19644e+04   -3.28716e+05    3.08440e+02   -4.33849e+02   -2.56249e+02
   Constr. rmsd
    2.84230e-05

           Step           Time         Lambda
        2000000     4000.00000        0.00000

   Energies (kJ/mol)
          Angle    Proper Dih.  Improper Dih.          LJ-14     Coulomb-14
    7.01913e+03    8.77499e+03    4.00510e+02    3.48252e+03    2.62956e+04
        LJ (SR)  Disper. corr.   Coulomb (SR)   Coul. recip.      Potential
    5.52962e+04   -8.43408e+03   -5.07566e+05    3.56958e+03   -4.11161e+05
    Kinetic En.   Total Energy    Temperature Pres. DC (bar) Pressure (bar)
    8.22762e+04   -3.28885e+05    3.09613e+02   -4.36363e+02   -1.17819e+02
   Constr. rmsd
    2.86142e-05

           Step           Time         Lambda
        2050000     4100.00000        0.00000

   Energies (kJ/mol)
          Angle    Proper Dih.  Improper Dih.          LJ-14     Coulomb-14
    7.10945e+03    8.89934e+03    4.67547e+02    3.58985e+03    2.64020e+04
        LJ (SR)  Disper. corr.   Coulomb (SR)   Coul. recip.      Potential
    5.57424e+04   -8.41900e+03   -5.07550e+05    3.50879e+03   -4.10250e+05
    Kinetic En.   Total Energy    Temperature Pres. DC (bar) Pressure (bar)
    8.22899e+04   -3.27960e+05    3.09665e+02   -4.34808e+02    1.40675e+02
   Constr. rmsd
    2.62028e-05

           Step           Time         Lambda
        2100000     4200.00000        0.00000

   Energies (kJ/mol)
          Angle    Proper Dih.  Improper Dih.          LJ-14     Coulomb-14
    6.96975e+03    8.81599e+03    3.97005e+02    3.54561e+03    2.63560e+04
        LJ (SR)  Disper. corr.   Coulomb (SR)   Coul. recip.      Potential
    5.53416e+04   -8.44664e+03   -5.08506e+05    3.53584e+03   -4.11991e+05
    Kinetic En.   Total Energy    Temperature Pres. DC (bar) Pressure (bar)
    8.25897e+04   -3.29401e+05    3.10793e+02   -4.37661e+02   -8.21326e+01
   Constr. rmsd
    2.77776e-05

           Step           Time         Lambda
        2150000     4300.00000        0.00000

   Energies (kJ/mol)
          Angle    Proper Dih.  Improper Dih.          LJ-14     Coulomb-14
    7.45203e+03    8.85712e+03    4.59411e+02    3.48760e+03    2.60287e+04
        LJ (SR)  Disper. corr.   Coulomb (SR)   Coul. recip.      Potential
    5.51548e+04   -8.40800e+03   -5.04820e+05    3.67409e+03   -4.08114e+05
    Kinetic En.   Total Energy    Temperature Pres. DC (bar) Pressure (bar)
    8.24848e+04   -3.25630e+05    3.10398e+02   -4.33674e+02   -4.27173e+01
   Constr. rmsd
    2.87460e-05

           Step           Time         Lambda
        2200000     4400.00000        0.00000

   Energies (kJ/mol)
          Angle    Proper Dih.  Improper Dih.          LJ-14     Coulomb-14
    7.31996e+03    8.82169e+03    4.32474e+02    3.53470e+03    2.61018e+04
        LJ (SR)  Disper. corr.   Coulomb (SR)   Coul. recip.      Potential
    5.55468e+04   -8.43490e+03   -5.06916e+05    3.56759e+03   -4.10026e+05
    Kinetic En.   Total Energy    Temperature Pres. DC (bar) Pressure (bar)
    8.23525e+04   -3.27673e+05    3.09900e+02   -4.36448e+02    5.92721e+01
   Constr. rmsd
    2.75754e-05

           Step           Time         Lambda
        2250000     4500.00000        0.00000

   Energies (kJ/mol)
          Angle    Proper Dih.  Improper Dih.          LJ-14     Coulomb-14
    7.18283e+03    8.87986e+03    4.16301e+02    3.55492e+03    2.61769e+04
        LJ (SR)  Disper. corr.   Coulomb (SR)   Coul. recip.      Potential
    5.51691e+04   -8.42862e+03   -5.06810e+05    3.48889e+03   -4.10370e+05
    Kinetic En.   Total Energy    Temperature Pres. DC (bar) Pressure (bar)
    8.26672e+04   -3.27703e+05    3.11085e+02   -4.35799e+02   -3.95991e+01
   Constr. rmsd
    2.72593e-05

           Step           Time         Lambda
        2300000     4600.00000        0.00000

   Energies (kJ/mol)
          Angle    Proper Dih.  Improper Dih.          LJ-14     Coulomb-14
    7.07703e+03    8.86975e+03    4.54599e+02    3.59743e+03    2.63475e+04
        LJ (SR)  Disper. corr.   Coulomb (SR)   Coul. recip.      Potential
    5.61246e+04   -8.44039e+03   -5.08916e+05    3.52677e+03   -4.11359e+05
    Kinetic En.   Total Energy    Temperature Pres. DC (bar) Pressure (bar)
    8.24227e+04   -3.28936e+05    3.10165e+02   -4.37015e+02    1.61557e+02
   Constr. rmsd
    2.61809e-05

           Step           Time         Lambda
        2350000     4700.00000        0.00000

   Energies (kJ/mol)
          Angle    Proper Dih.  Improper Dih.          LJ-14     Coulomb-14
    7.24493e+03    8.72136e+03    4.16111e+02    3.49628e+03    2.62115e+04
        LJ (SR)  Disper. corr.   Coulomb (SR)   Coul. recip.      Potential
    5.47632e+04   -8.37958e+03   -5.05283e+05    3.57512e+03   -4.09234e+05
    Kinetic En.   Total Energy    Temperature Pres. DC (bar) Pressure (bar)
    8.20419e+04   -3.27192e+05    3.08732e+02   -4.30754e+02   -1.23063e+02
   Constr. rmsd
    2.88059e-05

           Step           Time         Lambda
        2400000     4800.00000        0.00000

   Energies (kJ/mol)
          Angle    Proper Dih.  Improper Dih.          LJ-14     Coulomb-14
    7.21546e+03    8.83415e+03    4.43293e+02    3.51661e+03    2.62590e+04
        LJ (SR)  Disper. corr.   Coulomb (SR)   Coul. recip.      Potential
    5.50349e+04   -8.41542e+03   -5.06198e+05    3.59400e+03   -4.09716e+05
    Kinetic En.   Total Energy    Temperature Pres. DC (bar) Pressure (bar)
    8.22333e+04   -3.27483e+05    3.09452e+02   -4.34438e+02   -6.98011e+01
   Constr. rmsd
    2.81669e-05

           Step           Time         Lambda
        2450000     4900.00000        0.00000

   Energies (kJ/mol)
          Angle    Proper Dih.  Improper Dih.          LJ-14     Coulomb-14
    6.98780e+03    8.85571e+03    4.54821e+02    3.53249e+03    2.59352e+04
        LJ (SR)  Disper. corr.   Coulomb (SR)   Coul. recip.      Potential
    5.62831e+04   -8.42131e+03   -5.08503e+05    3.57565e+03   -4.11300e+05
    Kinetic En.   Total Energy    Temperature Pres. DC (bar) Pressure (bar)
    8.18906e+04   -3.29409e+05    3.08162e+02   -4.35045e+02   -5.19316e+01
   Constr. rmsd
    2.83440e-05

           Step           Time         Lambda
        2500000     5000.00000        0.00000

Writing checkpoint, step 2500000 at Mon Jul  6 17:18:29 2020


   Energies (kJ/mol)
          Angle    Proper Dih.  Improper Dih.          LJ-14     Coulomb-14
    7.26969e+03    8.80638e+03    4.38032e+02    3.59377e+03    2.63784e+04
        LJ (SR)  Disper. corr.   Coulomb (SR)   Coul. recip.      Potential
    5.49843e+04   -8.41026e+03   -5.06260e+05    3.62597e+03   -4.09574e+05
    Kinetic En.   Total Energy    Temperature Pres. DC (bar) Pressure (bar)
    8.23658e+04   -3.27208e+05    3.09951e+02   -4.33908e+02   -3.14295e+01
   Constr. rmsd
    2.72653e-05

	<======  ###############  ==>
	<====  A V E R A G E S  ====>
	<==  ###############  ======>

	Statistics over 2500001 steps using 25001 frames

   Energies (kJ/mol)
          Angle    Proper Dih.  Improper Dih.          LJ-14     Coulomb-14
    7.22450e+03    8.80769e+03    4.28364e+02    3.53969e+03    2.62210e+04
        LJ (SR)  Disper. corr.   Coulomb (SR)   Coul. recip.      Potential
    5.55170e+04   -8.42246e+03   -5.07116e+05    3.59878e+03   -4.10202e+05
    Kinetic En.   Total Energy    Temperature Pres. DC (bar) Pressure (bar)
    8.23850e+04   -3.27817e+05    3.10023e+02   -4.35168e+02    1.43291e+00
   Constr. rmsd
    0.00000e+00

          Box-X          Box-Y          Box-Z
    6.85519e+00    6.85519e+00    6.85519e+00

   Total Virial (kJ/mol)
    2.74757e+04    8.97314e+00   -7.20969e+00
    9.15022e+00    2.74113e+04    2.93044e+01
   -7.14630e+00    2.91652e+01    2.74610e+04

   Pressure (bar)
    1.10212e+00   -2.26074e+00   -1.87554e-01
   -2.27898e+00    1.60980e+00   -1.43427e-01
   -1.94101e-01   -1.29130e-01    1.58681e+00

      T-Protein  T-non-Protein
    3.09896e+02    3.10037e+02


       P P   -   P M E   L O A D   B A L A N C I N G

 PP/PME load balancing changed the cut-off and PME settings:
           particle-particle                    PME
            rcoulomb  rlist            grid      spacing   1/beta
   initial  0.800 nm  0.855 nm      44  44  44   0.156 nm  0.256 nm
   final    0.955 nm  1.010 nm      36  36  36   0.191 nm  0.306 nm
 cost-ratio           1.65             0.55
 (note that these numbers concern only part of the total PP and PME load)


	M E G A - F L O P S   A C C O U N T I N G

 NB=Group-cutoff nonbonded kernels    NxN=N-by-N cluster Verlet kernels
 RF=Reaction-Field  VdW=Van der Waals  QSTab=quadratic-spline table
 W3=SPC/TIP3p  W4=TIP4p (single or pairs)
 V&F=Potential and force  V=Potential only  F=Force only

 Computing:                               M-Number         M-Flops  % Flops
-----------------------------------------------------------------------------
 Pair Search distance check          419331.476640     3773983.290     0.1
 NxN Ewald Elec. + LJ [F]          54366803.668352  3588209042.111    95.7
 NxN Ewald Elec. + LJ [V&F]          549182.383424    58762515.026     1.6
 1,4 nonbonded interactions           21840.008736     1965600.786     0.1
 Calc Weights                        239812.595925     8633253.453     0.2
 Spread Q Bspline                   5116002.046400    10232004.093     0.3
 Gather F Bspline                   5116002.046400    30696012.278     0.8
 3D-FFT                             3618131.296348    28945050.371     0.8
 Solve PME                             3239.995696      207359.725     0.0
 Shift-X                               3197.531975       19185.192     0.0
 Angles                               15217.506087     2556541.023     0.1
 Propers                              23547.509419     5392379.657     0.1
 Impropers                             1707.500683      355160.142     0.0
 Virial                                8005.032020      144090.576     0.0
 Stop-CM                                799.406975        7994.070     0.0
 Calc-Ekin                            31975.063950      863326.727     0.0
 Lincs                                 8427.503371      505650.202     0.0
 Lincs-Mat                           182610.073044      730440.292     0.0
 Constraint-V                         88427.535371      707420.283     0.0
 Constraint-Vir                        8000.032000      192000.768     0.0
 Settle                               23857.509543     7705975.582     0.2
-----------------------------------------------------------------------------
 Total                                              3750604985.647   100.0
-----------------------------------------------------------------------------


     R E A L   C Y C L E   A N D   T I M E   A C C O U N T I N G

On 1 MPI rank, each using 24 OpenMP threads

 Computing:          Num   Num      Call    Wall time         Giga-Cycles
                     Ranks Threads  Count      (s)         total sum    %
-----------------------------------------------------------------------------
 Neighbor search        1   24     100001     120.733       9851.713   3.4
 Launch GPU ops.        1   24    2500001     112.459       9176.616   3.1
 Force                  1   24    2500001     439.562      35868.037  12.3
 PME mesh               1   24    2500001    1592.522     129948.896  44.5
 Wait GPU local         1   24    2500001      77.653       6336.432   2.2
 NB X/F buffer ops.     1   24    4900001     348.097      28404.502   9.7
 Write traj.            1   24         54       0.269         21.922   0.0
 Update                 1   24    2500001     243.771      19891.563   6.8
 Constraints            1   24    2500001     374.532      30561.579  10.5
 Rest                                         271.009      22114.154   7.6
-----------------------------------------------------------------------------
 Total                                       3580.606     292175.414 100.0
-----------------------------------------------------------------------------
 Breakdown of PME mesh computation
-----------------------------------------------------------------------------
 PME spread/gather      1   24    5000002    1223.914      99870.714  34.2
 PME 3D-FFT             1   24    5000002     332.925      27166.468   9.3
 PME solve Elec         1   24    2500001      17.180       1401.899   0.5
-----------------------------------------------------------------------------

 GPU timings
-----------------------------------------------------------------------------
 Computing:                         Count  Wall t (s)      ms/step       %
-----------------------------------------------------------------------------
 Pair list H2D                     100001      25.847        0.258     1.2
 X / q H2D                        2500001     265.401        0.106    12.8
 Nonbonded F kernel               2400000    1512.137        0.630    73.0
 Nonbonded F+prune k.               75000      55.666        0.742     2.7
 Nonbonded F+ene+prune k.           25001      28.381        1.135     1.4
 F D2H                            2500001     183.436        0.073     8.9
-----------------------------------------------------------------------------
 Total                                       2070.868        0.828   100.0
-----------------------------------------------------------------------------

Force evaluation time GPU/CPU: 0.828 ms/0.813 ms = 1.019
For optimal performance this ratio should be close to 1!

               Core t (s)   Wall t (s)        (%)
       Time:    85854.146     3580.606     2397.8
                         59:40
                 (ns/day)    (hour/ns)
Performance:      120.650        0.199
Finished mdrun on rank 0 Mon Jul  6 17:18:29 2020
