Log file opened on Tue Jul  7 11:34:17 2020
Host: BioTD03  pid: 38085  rank ID: 0  number of ranks:  1
                   :-) GROMACS - gmx mdrun, VERSION 5.1.4 (-:

                            GROMACS is written by:
     Emile Apol      Rossen Apostolov  Herman J.C. Berendsen    Par Bjelkmar   
 Aldert van Buuren   Rudi van Drunen     Anton Feenstra   Sebastian Fritsch 
  Gerrit Groenhof   Christoph Junghans   Anca Hamuraru    Vincent Hindriksen
 Dimitrios Karkoulis    Peter Kasson        Jiri Kraus      Carsten Kutzner  
    Per Larsson      Justin A. Lemkul   Magnus Lundborg   Pieter Meulenhoff 
   Erik Marklund      Teemu Murtola       Szilard Pall       Sander Pronk   
   Roland Schulz     Alexey Shvetsov     Michael Shirts     Alfons Sijbers  
   Peter Tieleman    Teemu Virolainen  Christian Wennberg    Maarten Wolf   
                           and the project leaders:
        Mark Abraham, Berk Hess, Erik Lindahl, and David van der Spoel

Copyright (c) 1991-2000, University of Groningen, The Netherlands.
Copyright (c) 2001-2015, The GROMACS development team at
Uppsala University, Stockholm University and
the Royal Institute of Technology, Sweden.
check out http://www.gromacs.org for more information.

GROMACS is free software; you can redistribute it and/or modify it
under the terms of the GNU Lesser General Public License
as published by the Free Software Foundation; either version 2.1
of the License, or (at your option) any later version.

GROMACS:      gmx mdrun, VERSION 5.1.4
Executable:   /usr/local/gromacs/bin/gmx
Data prefix:  /usr/local/gromacs
Command line:
  gmx mdrun -deffnm design_output/1ppg_design/md-npt

GROMACS version:    VERSION 5.1.4
Precision:          single
Memory model:       64 bit
MPI library:        thread_mpi
OpenMP support:     enabled (GMX_OPENMP_MAX_THREADS = 32)
GPU support:        enabled
OpenCL support:     disabled
invsqrt routine:    gmx_software_invsqrt(x)
SIMD instructions:  AVX2_256
FFT library:        fftw-3.3.4-sse2-avx
RDTSCP usage:       enabled
C++11 compilation:  disabled
TNG support:        enabled
Tracing support:    disabled
Built on:           jue may 10 01:14:42 -05 2018
Built by:           rochoa@BioTD03 [CMAKE]
Build OS/arch:      Linux 4.4.0-116-generic x86_64
Build CPU vendor:   GenuineIntel
Build CPU brand:    Intel(R) Xeon(R) CPU E5-2643 v4 @ 3.40GHz
Build CPU family:   6   Model: 79   Stepping: 1
Build CPU features: aes apic avx avx2 clfsh cmov cx8 cx16 f16c fma htt lahf_lm mmx msr nonstop_tsc pcid pclmuldq pdcm pdpe1gb popcnt pse rdrnd rdtscp sse2 sse3 sse4.1 sse4.2 ssse3 tdt x2apic
C compiler:         /usr/bin/cc GNU 5.4.0
C compiler flags:    -march=core-avx2    -Wextra -Wno-missing-field-initializers -Wno-sign-compare -Wpointer-arith -Wall -Wno-unused -Wunused-value -Wunused-parameter  -O3 -DNDEBUG -funroll-all-loops -fexcess-precision=fast  -Wno-array-bounds 
C++ compiler:       /usr/bin/c++ GNU 5.4.0
C++ compiler flags:  -march=core-avx2    -Wextra -Wno-missing-field-initializers -Wpointer-arith -Wall -Wno-unused-function  -O3 -DNDEBUG -funroll-all-loops -fexcess-precision=fast  -Wno-array-bounds 
Boost version:      1.58.0 (external)
CUDA compiler:      /usr/local/cuda/bin/nvcc nvcc: NVIDIA (R) Cuda compiler driver;Copyright (c) 2005-2016 NVIDIA Corporation;Built on Tue_Jan_10_13:22:03_CST_2017;Cuda compilation tools, release 8.0, V8.0.61
CUDA compiler flags:-gencode;arch=compute_20,code=sm_20;-gencode;arch=compute_30,code=sm_30;-gencode;arch=compute_35,code=sm_35;-gencode;arch=compute_37,code=sm_37;-gencode;arch=compute_50,code=sm_50;-gencode;arch=compute_52,code=sm_52;-gencode;arch=compute_60,code=sm_60;-gencode;arch=compute_61,code=sm_61;-gencode;arch=compute_60,code=compute_60;-gencode;arch=compute_61,code=compute_61;-use_fast_math;-D_FORCE_INLINES; ;-march=core-avx2;-Wextra;-Wno-missing-field-initializers;-Wpointer-arith;-Wall;-Wno-unused-function;-O3;-DNDEBUG;-funroll-all-loops;-fexcess-precision=fast;-Wno-array-bounds;
CUDA driver:        8.0
CUDA runtime:       8.0


Running on 1 node with total 12 cores, 24 logical cores, 1 compatible GPU
Hardware detected:
  CPU info:
    Vendor: GenuineIntel
    Brand:  Intel(R) Xeon(R) CPU E5-2643 v4 @ 3.40GHz
    Family:  6  model: 79  stepping:  1
    CPU features: aes apic avx avx2 clfsh cmov cx8 cx16 f16c fma htt lahf_lm mmx msr nonstop_tsc pcid pclmuldq pdcm pdpe1gb popcnt pse rdrnd rdtscp sse2 sse3 sse4.1 sse4.2 ssse3 tdt x2apic
    SIMD instructions most likely to fit this hardware: AVX2_256
    SIMD instructions selected at GROMACS compile time: AVX2_256
  GPU info:
    Number of GPUs detected: 1
    #0: NVIDIA Tesla P4, compute cap.: 6.1, ECC: yes, stat: compatible


++++ PLEASE READ AND CITE THE FOLLOWING REFERENCE ++++
M. J. Abraham, T. Murtola, R. Schulz, S. Páll, J. C. Smith, B. Hess, E.
Lindahl
GROMACS: High performance molecular simulations through multi-level
parallelism from laptops to supercomputers
SoftwareX 1 (2015) pp. 19-25
-------- -------- --- Thank You --- -------- --------


++++ PLEASE READ AND CITE THE FOLLOWING REFERENCE ++++
S. Páll, M. J. Abraham, C. Kutzner, B. Hess, E. Lindahl
Tackling Exascale Software Challenges in Molecular Dynamics Simulations with
GROMACS
In S. Markidis & E. Laure (Eds.), Solving Software Challenges for Exascale 8759 (2015) pp. 3-27
-------- -------- --- Thank You --- -------- --------


++++ PLEASE READ AND CITE THE FOLLOWING REFERENCE ++++
S. Pronk, S. Páll, R. Schulz, P. Larsson, P. Bjelkmar, R. Apostolov, M. R.
Shirts, J. C. Smith, P. M. Kasson, D. van der Spoel, B. Hess, and E. Lindahl
GROMACS 4.5: a high-throughput and highly parallel open source molecular
simulation toolkit
Bioinformatics 29 (2013) pp. 845-54
-------- -------- --- Thank You --- -------- --------


++++ PLEASE READ AND CITE THE FOLLOWING REFERENCE ++++
B. Hess and C. Kutzner and D. van der Spoel and E. Lindahl
GROMACS 4: Algorithms for highly efficient, load-balanced, and scalable
molecular simulation
J. Chem. Theory Comput. 4 (2008) pp. 435-447
-------- -------- --- Thank You --- -------- --------


++++ PLEASE READ AND CITE THE FOLLOWING REFERENCE ++++
D. van der Spoel, E. Lindahl, B. Hess, G. Groenhof, A. E. Mark and H. J. C.
Berendsen
GROMACS: Fast, Flexible and Free
J. Comp. Chem. 26 (2005) pp. 1701-1719
-------- -------- --- Thank You --- -------- --------


++++ PLEASE READ AND CITE THE FOLLOWING REFERENCE ++++
E. Lindahl and B. Hess and D. van der Spoel
GROMACS 3.0: A package for molecular simulation and trajectory analysis
J. Mol. Mod. 7 (2001) pp. 306-317
-------- -------- --- Thank You --- -------- --------


++++ PLEASE READ AND CITE THE FOLLOWING REFERENCE ++++
H. J. C. Berendsen, D. van der Spoel and R. van Drunen
GROMACS: A message-passing parallel molecular dynamics implementation
Comp. Phys. Comm. 91 (1995) pp. 43-56
-------- -------- --- Thank You --- -------- --------


For optimal performance with a GPU nstlist (now 10) should be larger.
The optimum depends on your CPU and GPU resources.
You might want to try several nstlist values.
Changing nstlist from 10 to 25, rlist from 0.801 to 0.855

Input Parameters:
   integrator                     = md
   tinit                          = 0
   dt                             = 0.002
   nsteps                         = 2500000
   init-step                      = 0
   simulation-part                = 1
   comm-mode                      = Linear
   nstcomm                        = 100
   bd-fric                        = 0
   ld-seed                        = 1470472937
   emtol                          = 10
   emstep                         = 0.01
   niter                          = 20
   fcstep                         = 0
   nstcgsteep                     = 1000
   nbfgscorr                      = 10
   rtpi                           = 0.05
   nstxout                        = 0
   nstvout                        = 0
   nstfout                        = 0
   nstlog                         = 50000
   nstcalcenergy                  = 100
   nstenergy                      = 50000
   nstxout-compressed             = 50000
   compressed-x-precision         = 1000
   cutoff-scheme                  = Verlet
   nstlist                        = 25
   ns-type                        = Grid
   pbc                            = xyz
   periodic-molecules             = FALSE
   verlet-buffer-tolerance        = 0.005
   rlist                          = 0.855
   rlistlong                      = 0.855
   nstcalclr                      = 10
   coulombtype                    = PME
   coulomb-modifier               = Potential-shift
   rcoulomb-switch                = 0
   rcoulomb                       = 0.8
   epsilon-r                      = 1
   epsilon-rf                     = inf
   vdw-type                       = Cut-off
   vdw-modifier                   = Potential-shift
   rvdw-switch                    = 0
   rvdw                           = 0.8
   DispCorr                       = EnerPres
   table-extension                = 1
   fourierspacing                 = 0.16
   fourier-nx                     = 44
   fourier-ny                     = 44
   fourier-nz                     = 44
   pme-order                      = 4
   ewald-rtol                     = 1e-05
   ewald-rtol-lj                  = 0.001
   lj-pme-comb-rule               = Geometric
   ewald-geometry                 = 0
   epsilon-surface                = 0
   implicit-solvent               = No
   gb-algorithm                   = Still
   nstgbradii                     = 1
   rgbradii                       = 1
   gb-epsilon-solvent             = 80
   gb-saltconc                    = 0
   gb-obc-alpha                   = 1
   gb-obc-beta                    = 0.8
   gb-obc-gamma                   = 4.85
   gb-dielectric-offset           = 0.009
   sa-algorithm                   = Ace-approximation
   sa-surface-tension             = 2.05016
   tcoupl                         = V-rescale
   nsttcouple                     = 10
   nh-chain-length                = 0
   print-nose-hoover-chain-variables = FALSE
   pcoupl                         = Parrinello-Rahman
   pcoupltype                     = Isotropic
   nstpcouple                     = 10
   tau-p                          = 2
   compressibility (3x3):
      compressibility[    0]={ 4.50000e-05,  0.00000e+00,  0.00000e+00}
      compressibility[    1]={ 0.00000e+00,  4.50000e-05,  0.00000e+00}
      compressibility[    2]={ 0.00000e+00,  0.00000e+00,  4.50000e-05}
   ref-p (3x3):
      ref-p[    0]={ 1.00000e+00,  0.00000e+00,  0.00000e+00}
      ref-p[    1]={ 0.00000e+00,  1.00000e+00,  0.00000e+00}
      ref-p[    2]={ 0.00000e+00,  0.00000e+00,  1.00000e+00}
   refcoord-scaling               = COM
   posres-com (3):
      posres-com[0]= 0.00000e+00
      posres-com[1]= 0.00000e+00
      posres-com[2]= 0.00000e+00
   posres-comB (3):
      posres-comB[0]= 0.00000e+00
      posres-comB[1]= 0.00000e+00
      posres-comB[2]= 0.00000e+00
   QMMM                           = FALSE
   QMconstraints                  = 0
   QMMMscheme                     = 0
   MMChargeScaleFactor            = 1
qm-opts:
   ngQM                           = 0
   constraint-algorithm           = Lincs
   continuation                   = TRUE
   Shake-SOR                      = FALSE
   shake-tol                      = 0.0001
   lincs-order                    = 4
   lincs-iter                     = 1
   lincs-warnangle                = 30
   nwall                          = 0
   wall-type                      = 9-3
   wall-r-linpot                  = -1
   wall-atomtype[0]               = -1
   wall-atomtype[1]               = -1
   wall-density[0]                = 0
   wall-density[1]                = 0
   wall-ewald-zfac                = 3
   pull                           = FALSE
   rotation                       = FALSE
   interactiveMD                  = FALSE
   disre                          = No
   disre-weighting                = Conservative
   disre-mixed                    = FALSE
   dr-fc                          = 1000
   dr-tau                         = 0
   nstdisreout                    = 100
   orire-fc                       = 0
   orire-tau                      = 0
   nstorireout                    = 100
   free-energy                    = no
   cos-acceleration               = 0
   deform (3x3):
      deform[    0]={ 0.00000e+00,  0.00000e+00,  0.00000e+00}
      deform[    1]={ 0.00000e+00,  0.00000e+00,  0.00000e+00}
      deform[    2]={ 0.00000e+00,  0.00000e+00,  0.00000e+00}
   simulated-tempering            = FALSE
   E-x:
      n = 0
   E-xt:
      n = 0
   E-y:
      n = 0
   E-yt:
      n = 0
   E-z:
      n = 0
   E-zt:
      n = 0
   swapcoords                     = no
   adress                         = FALSE
   userint1                       = 0
   userint2                       = 0
   userint3                       = 0
   userint4                       = 0
   userreal1                      = 0
   userreal2                      = 0
   userreal3                      = 0
   userreal4                      = 0
grpopts:
   nrdf:     6639.69     57285.3
   ref-t:         310         310
   tau-t:         0.1         0.1
annealing:          No          No
annealing-npoints:           0           0
   acc:	           0           0           0
   nfreeze:           N           N           N
   energygrp-flags[  0]: 0

Using 1 MPI thread
Using 24 OpenMP threads 

1 compatible GPU is present, with ID 0
1 GPU auto-selected for this run.
Mapping of GPU ID to the 1 PP rank in this node: 0

Will do PME sum in reciprocal space for electrostatic interactions.

++++ PLEASE READ AND CITE THE FOLLOWING REFERENCE ++++
U. Essmann, L. Perera, M. L. Berkowitz, T. Darden, H. Lee and L. G. Pedersen 
A smooth particle mesh Ewald method
J. Chem. Phys. 103 (1995) pp. 8577-8592
-------- -------- --- Thank You --- -------- --------

Will do ordinary reciprocal space Ewald sum.
Using a Gaussian width (1/beta) of 0.25613 nm for Ewald
Cut-off's:   NS: 0.855   Coulomb: 0.8   LJ: 0.8
Long Range LJ corr.: <C6> 3.2521e-04
System total charge: -1.000
Generated table with 927 data points for Ewald.
Tabscale = 500 points/nm
Generated table with 927 data points for LJ6.
Tabscale = 500 points/nm
Generated table with 927 data points for LJ12.
Tabscale = 500 points/nm
Generated table with 927 data points for 1-4 COUL.
Tabscale = 500 points/nm
Generated table with 927 data points for 1-4 LJ6.
Tabscale = 500 points/nm
Generated table with 927 data points for 1-4 LJ12.
Tabscale = 500 points/nm
Potential shift: LJ r^-12: -1.455e+01 r^-6: -3.815e+00, Ewald -1.000e-05
Initialized non-bonded Ewald correction tables, spacing: 8.35e-04 size: 960


NOTE: GROMACS was configured without NVML support hence it can not exploit
      application clocks of the detected Tesla P4 GPU to improve performance.
      Recompile with the NVML library (compatible with the driver used) or set application clocks manually.


Using GPU 8x8 non-bonded kernels

Pinning threads with an auto-selected logical core stride of 1

Initializing LINear Constraint Solver

++++ PLEASE READ AND CITE THE FOLLOWING REFERENCE ++++
B. Hess and H. Bekker and H. J. C. Berendsen and J. G. E. M. Fraaije
LINCS: A Linear Constraint Solver for molecular simulations
J. Comp. Chem. 18 (1997) pp. 1463-1472
-------- -------- --- Thank You --- -------- --------

The number of constraints is 3371

++++ PLEASE READ AND CITE THE FOLLOWING REFERENCE ++++
S. Miyamoto and P. A. Kollman
SETTLE: An Analytical Version of the SHAKE and RATTLE Algorithms for Rigid
Water Models
J. Comp. Chem. 13 (1992) pp. 952-962
-------- -------- --- Thank You --- -------- --------

Center of mass motion removal mode is Linear
We have the following groups for center of mass motion removal:
  0:  rest

++++ PLEASE READ AND CITE THE FOLLOWING REFERENCE ++++
G. Bussi, D. Donadio and M. Parrinello
Canonical sampling through velocity rescaling
J. Chem. Phys. 126 (2007) pp. 014101
-------- -------- --- Thank You --- -------- --------

There are: 31976 Atoms
Initial temperature: 312.561 K

Started mdrun on rank 0 Tue Jul  7 11:34:20 2020
           Step           Time         Lambda
              0        0.00000        0.00000

   Energies (kJ/mol)
          Angle    Proper Dih.  Improper Dih.          LJ-14     Coulomb-14
    7.45867e+03    8.69563e+03    4.53362e+02    3.42720e+03    2.59668e+04
        LJ (SR)  Disper. corr.   Coulomb (SR)   Coul. recip.      Potential
    5.47614e+04   -8.41252e+03   -5.06520e+05    7.68414e+03   -4.06485e+05
    Kinetic En.   Total Energy    Temperature Pres. DC (bar) Pressure (bar)
    8.35159e+04   -3.22969e+05    3.14264e+02   -4.34024e+02    5.61142e+00
   Constr. rmsd
    2.80318e-05

step   50: timed with pme grid 44 44 44, coulomb cutoff 0.800: 198.6 M-cycles
step  100: timed with pme grid 40 40 40, coulomb cutoff 0.857: 176.2 M-cycles
step  150: timed with pme grid 36 36 36, coulomb cutoff 0.953: 168.6 M-cycles
step  200: timed with pme grid 32 32 32, coulomb cutoff 1.072: 167.5 M-cycles
step  250: timed with pme grid 28 28 28, coulomb cutoff 1.225: 192.0 M-cycles
step  300: timed with pme grid 32 32 32, coulomb cutoff 1.072: 165.3 M-cycles
step  350: timed with pme grid 36 36 36, coulomb cutoff 0.953: 130.6 M-cycles
step  400: timed with pme grid 40 40 40, coulomb cutoff 0.857: 141.9 M-cycles
step  450: timed with pme grid 42 42 42, coulomb cutoff 0.816: 157.8 M-cycles
step  500: timed with pme grid 36 36 36, coulomb cutoff 0.953: 135.1 M-cycles
step  550: timed with pme grid 40 40 40, coulomb cutoff 0.857: 129.1 M-cycles
step  600: timed with pme grid 42 42 42, coulomb cutoff 0.816: 137.7 M-cycles
step  650: timed with pme grid 36 36 36, coulomb cutoff 0.953: 132.2 M-cycles
step  700: timed with pme grid 40 40 40, coulomb cutoff 0.857: 129.4 M-cycles
step  750: timed with pme grid 42 42 42, coulomb cutoff 0.816: 135.7 M-cycles
              optimal pme grid 40 40 40, coulomb cutoff 0.857


Received the INT signal, stopping at the next NS step

           Step           Time         Lambda
           9900       19.80000        0.00000

Writing checkpoint, step 9900 at Tue Jul  7 11:34:37 2020


   Energies (kJ/mol)
          Angle    Proper Dih.  Improper Dih.          LJ-14     Coulomb-14
    7.14276e+03    8.73426e+03    4.33143e+02    3.50511e+03    2.64882e+04
        LJ (SR)  Disper. corr.   Coulomb (SR)   Coul. recip.      Potential
    5.58117e+04   -8.39674e+03   -5.10144e+05    5.51464e+03   -4.10911e+05
    Kinetic En.   Total Energy    Temperature Pres. DC (bar) Pressure (bar)
    8.28619e+04   -3.28049e+05    3.11803e+02   -4.32402e+02   -1.53302e+00
   Constr. rmsd
    0.00000e+00

	<======  ###############  ==>
	<====  A V E R A G E S  ====>
	<==  ###############  ======>

	Statistics over 9901 steps using 100 frames

   Energies (kJ/mol)
          Angle    Proper Dih.  Improper Dih.          LJ-14     Coulomb-14
    7.24564e+03    8.79051e+03    4.30125e+02    3.52936e+03    2.63733e+04
        LJ (SR)  Disper. corr.   Coulomb (SR)   Coul. recip.      Potential
    5.54701e+04   -8.42076e+03   -5.09276e+05    5.43668e+03   -4.10421e+05
    Kinetic En.   Total Energy    Temperature Pres. DC (bar) Pressure (bar)
    8.23633e+04   -3.28058e+05    3.09926e+02   -4.34877e+02    4.70080e+00
   Constr. rmsd
    0.00000e+00

          Box-X          Box-Y          Box-Z
    6.85626e+00    6.85626e+00    6.85626e+00

   Total Virial (kJ/mol)
    2.73402e+04    2.43277e+02    7.11700e+01
    2.42832e+02    2.74349e+04   -1.23962e+02
    7.24824e+01   -1.22844e+02    2.74570e+04

   Pressure (bar)
    9.01394e+00   -2.81194e+01   -5.96486e+00
   -2.80735e+01    1.52683e+00    1.54722e+01
   -6.09993e+00    1.53570e+01    3.56165e+00

      T-Protein  T-non-Protein
    3.08580e+02    3.10083e+02


       P P   -   P M E   L O A D   B A L A N C I N G

 PP/PME load balancing changed the cut-off and PME settings:
           particle-particle                    PME
            rcoulomb  rlist            grid      spacing   1/beta
   initial  0.800 nm  0.855 nm      44  44  44   0.156 nm  0.256 nm
   final    0.857 nm  0.912 nm      40  40  40   0.171 nm  0.274 nm
 cost-ratio           1.21             0.75
 (note that these numbers concern only part of the total PP and PME load)


	M E G A - F L O P S   A C C O U N T I N G

 NB=Group-cutoff nonbonded kernels    NxN=N-by-N cluster Verlet kernels
 RF=Reaction-Field  VdW=Van der Waals  QSTab=quadratic-spline table
 W3=SPC/TIP3p  W4=TIP4p (single or pairs)
 V&F=Potential and force  V=Potential only  F=Force only

 Computing:                               M-Number         M-Flops  % Flops
-----------------------------------------------------------------------------
 Pair Search distance check             866.458848        7798.130     0.1
 NxN Ewald Elec. + LJ [F]            184052.995648    12147497.713    94.9
 NxN Ewald Elec. + LJ [V&F]            1879.524544      201109.126     1.6
 1,4 nonbonded interactions              86.455532        7780.998     0.1
 Calc Weights                           949.783128       34192.193     0.3
 Spread Q Bspline                     20262.040064       40524.080     0.3
 Gather F Bspline                     20262.040064      121572.240     0.9
 3D-FFT                               20028.375720      160227.006     1.3
 Solve PME                               15.723800        1006.323     0.0
 Shift-X                                 12.694472          76.167     0.0
 Angles                                  60.237684       10119.931     0.1
 Propers                                 93.128806       21326.497     0.2
 Impropers                                6.772284        1408.635     0.0
 Virial                                  31.732811         571.191     0.0
 Stop-CM                                  3.197600          31.976     0.0
 Calc-Ekin                              126.688912        3420.601     0.0
 Lincs                                   33.376271        2002.576     0.0
 Lincs-Mat                              722.852208        2891.409     0.0
 Constraint-V                           350.208271        2801.666     0.0
 Constraint-Vir                          31.712000         761.088     0.0
 Settle                                  94.485243       30518.733     0.2
-----------------------------------------------------------------------------
 Total                                                12797638.278   100.0
-----------------------------------------------------------------------------


     R E A L   C Y C L E   A N D   T I M E   A C C O U N T I N G

On 1 MPI rank, each using 24 OpenMP threads

 Computing:          Num   Num      Call    Wall time         Giga-Cycles
                     Ranks Threads  Count      (s)         total sum    %
-----------------------------------------------------------------------------
 Neighbor search        1   24        397       0.425         34.712   2.5
 Launch GPU ops.        1   24       9901       0.449         36.611   2.6
 Force                  1   24       9901       1.827        149.080  10.6
 PME mesh               1   24       9901       6.912        564.036  40.1
 Wait GPU local         1   24       9901       0.217         17.679   1.3
 NB X/F buffer ops.     1   24      19405       1.497        122.162   8.7
 Write traj.            1   24          2       0.028          2.290   0.2
 Update                 1   24       9901       0.998         81.448   5.8
 Constraints            1   24       9901       1.528        124.683   8.9
 Rest                                           3.349        273.270  19.4
-----------------------------------------------------------------------------
 Total                                         17.230       1405.971 100.0
-----------------------------------------------------------------------------
 Breakdown of PME mesh computation
-----------------------------------------------------------------------------
 PME spread/gather      1   24      19802       5.159        420.946  29.9
 PME 3D-FFT             1   24      19802       1.590        129.756   9.2
 PME solve Elec         1   24       9901       0.091          7.414   0.5
-----------------------------------------------------------------------------

 GPU timings
-----------------------------------------------------------------------------
 Computing:                         Count  Wall t (s)      ms/step       %
-----------------------------------------------------------------------------
 Pair list H2D                        397       0.099        0.250     1.3
 X / q H2D                           9901       0.930        0.094    12.0
 Nonbonded F kernel                  9504       5.120        0.539    65.9
 Nonbonded F+prune k.                 297       0.191        0.642     2.5
 Nonbonded F+ene+prune k.             100       0.098        0.984     1.3
 F D2H                               9901       1.330        0.134    17.1
-----------------------------------------------------------------------------
 Total                                          7.767        0.784   100.0
-----------------------------------------------------------------------------

Force evaluation time GPU/CPU: 0.784 ms/0.883 ms = 0.889
For optimal performance this ratio should be close to 1!

               Core t (s)   Wall t (s)        (%)
       Time:      390.310       17.230     2265.3
                 (ns/day)    (hour/ns)
Performance:       99.297        0.242
Finished mdrun on rank 0 Tue Jul  7 11:34:37 2020
