Log file opened on Tue Jul  7 11:33:06 2020
Host: BioTD03  pid: 38048  rank ID: 0  number of ranks:  1
                   :-) GROMACS - gmx mdrun, VERSION 5.1.4 (-:

                            GROMACS is written by:
     Emile Apol      Rossen Apostolov  Herman J.C. Berendsen    Par Bjelkmar   
 Aldert van Buuren   Rudi van Drunen     Anton Feenstra   Sebastian Fritsch 
  Gerrit Groenhof   Christoph Junghans   Anca Hamuraru    Vincent Hindriksen
 Dimitrios Karkoulis    Peter Kasson        Jiri Kraus      Carsten Kutzner  
    Per Larsson      Justin A. Lemkul   Magnus Lundborg   Pieter Meulenhoff 
   Erik Marklund      Teemu Murtola       Szilard Pall       Sander Pronk   
   Roland Schulz     Alexey Shvetsov     Michael Shirts     Alfons Sijbers  
   Peter Tieleman    Teemu Virolainen  Christian Wennberg    Maarten Wolf   
                           and the project leaders:
        Mark Abraham, Berk Hess, Erik Lindahl, and David van der Spoel

Copyright (c) 1991-2000, University of Groningen, The Netherlands.
Copyright (c) 2001-2015, The GROMACS development team at
Uppsala University, Stockholm University and
the Royal Institute of Technology, Sweden.
check out http://www.gromacs.org for more information.

GROMACS is free software; you can redistribute it and/or modify it
under the terms of the GNU Lesser General Public License
as published by the Free Software Foundation; either version 2.1
of the License, or (at your option) any later version.

GROMACS:      gmx mdrun, VERSION 5.1.4
Executable:   /usr/local/gromacs/bin/gmx
Data prefix:  /usr/local/gromacs
Command line:
  gmx mdrun -deffnm design_output/1ppg_design/md-nvt

GROMACS version:    VERSION 5.1.4
Precision:          single
Memory model:       64 bit
MPI library:        thread_mpi
OpenMP support:     enabled (GMX_OPENMP_MAX_THREADS = 32)
GPU support:        enabled
OpenCL support:     disabled
invsqrt routine:    gmx_software_invsqrt(x)
SIMD instructions:  AVX2_256
FFT library:        fftw-3.3.4-sse2-avx
RDTSCP usage:       enabled
C++11 compilation:  disabled
TNG support:        enabled
Tracing support:    disabled
Built on:           jue may 10 01:14:42 -05 2018
Built by:           rochoa@BioTD03 [CMAKE]
Build OS/arch:      Linux 4.4.0-116-generic x86_64
Build CPU vendor:   GenuineIntel
Build CPU brand:    Intel(R) Xeon(R) CPU E5-2643 v4 @ 3.40GHz
Build CPU family:   6   Model: 79   Stepping: 1
Build CPU features: aes apic avx avx2 clfsh cmov cx8 cx16 f16c fma htt lahf_lm mmx msr nonstop_tsc pcid pclmuldq pdcm pdpe1gb popcnt pse rdrnd rdtscp sse2 sse3 sse4.1 sse4.2 ssse3 tdt x2apic
C compiler:         /usr/bin/cc GNU 5.4.0
C compiler flags:    -march=core-avx2    -Wextra -Wno-missing-field-initializers -Wno-sign-compare -Wpointer-arith -Wall -Wno-unused -Wunused-value -Wunused-parameter  -O3 -DNDEBUG -funroll-all-loops -fexcess-precision=fast  -Wno-array-bounds 
C++ compiler:       /usr/bin/c++ GNU 5.4.0
C++ compiler flags:  -march=core-avx2    -Wextra -Wno-missing-field-initializers -Wpointer-arith -Wall -Wno-unused-function  -O3 -DNDEBUG -funroll-all-loops -fexcess-precision=fast  -Wno-array-bounds 
Boost version:      1.58.0 (external)
CUDA compiler:      /usr/local/cuda/bin/nvcc nvcc: NVIDIA (R) Cuda compiler driver;Copyright (c) 2005-2016 NVIDIA Corporation;Built on Tue_Jan_10_13:22:03_CST_2017;Cuda compilation tools, release 8.0, V8.0.61
CUDA compiler flags:-gencode;arch=compute_20,code=sm_20;-gencode;arch=compute_30,code=sm_30;-gencode;arch=compute_35,code=sm_35;-gencode;arch=compute_37,code=sm_37;-gencode;arch=compute_50,code=sm_50;-gencode;arch=compute_52,code=sm_52;-gencode;arch=compute_60,code=sm_60;-gencode;arch=compute_61,code=sm_61;-gencode;arch=compute_60,code=compute_60;-gencode;arch=compute_61,code=compute_61;-use_fast_math;-D_FORCE_INLINES; ;-march=core-avx2;-Wextra;-Wno-missing-field-initializers;-Wpointer-arith;-Wall;-Wno-unused-function;-O3;-DNDEBUG;-funroll-all-loops;-fexcess-precision=fast;-Wno-array-bounds;
CUDA driver:        8.0
CUDA runtime:       8.0


Running on 1 node with total 12 cores, 24 logical cores, 1 compatible GPU
Hardware detected:
  CPU info:
    Vendor: GenuineIntel
    Brand:  Intel(R) Xeon(R) CPU E5-2643 v4 @ 3.40GHz
    Family:  6  model: 79  stepping:  1
    CPU features: aes apic avx avx2 clfsh cmov cx8 cx16 f16c fma htt lahf_lm mmx msr nonstop_tsc pcid pclmuldq pdcm pdpe1gb popcnt pse rdrnd rdtscp sse2 sse3 sse4.1 sse4.2 ssse3 tdt x2apic
    SIMD instructions most likely to fit this hardware: AVX2_256
    SIMD instructions selected at GROMACS compile time: AVX2_256
  GPU info:
    Number of GPUs detected: 1
    #0: NVIDIA Tesla P4, compute cap.: 6.1, ECC: yes, stat: compatible


++++ PLEASE READ AND CITE THE FOLLOWING REFERENCE ++++
M. J. Abraham, T. Murtola, R. Schulz, S. Páll, J. C. Smith, B. Hess, E.
Lindahl
GROMACS: High performance molecular simulations through multi-level
parallelism from laptops to supercomputers
SoftwareX 1 (2015) pp. 19-25
-------- -------- --- Thank You --- -------- --------


++++ PLEASE READ AND CITE THE FOLLOWING REFERENCE ++++
S. Páll, M. J. Abraham, C. Kutzner, B. Hess, E. Lindahl
Tackling Exascale Software Challenges in Molecular Dynamics Simulations with
GROMACS
In S. Markidis & E. Laure (Eds.), Solving Software Challenges for Exascale 8759 (2015) pp. 3-27
-------- -------- --- Thank You --- -------- --------


++++ PLEASE READ AND CITE THE FOLLOWING REFERENCE ++++
S. Pronk, S. Páll, R. Schulz, P. Larsson, P. Bjelkmar, R. Apostolov, M. R.
Shirts, J. C. Smith, P. M. Kasson, D. van der Spoel, B. Hess, and E. Lindahl
GROMACS 4.5: a high-throughput and highly parallel open source molecular
simulation toolkit
Bioinformatics 29 (2013) pp. 845-54
-------- -------- --- Thank You --- -------- --------


++++ PLEASE READ AND CITE THE FOLLOWING REFERENCE ++++
B. Hess and C. Kutzner and D. van der Spoel and E. Lindahl
GROMACS 4: Algorithms for highly efficient, load-balanced, and scalable
molecular simulation
J. Chem. Theory Comput. 4 (2008) pp. 435-447
-------- -------- --- Thank You --- -------- --------


++++ PLEASE READ AND CITE THE FOLLOWING REFERENCE ++++
D. van der Spoel, E. Lindahl, B. Hess, G. Groenhof, A. E. Mark and H. J. C.
Berendsen
GROMACS: Fast, Flexible and Free
J. Comp. Chem. 26 (2005) pp. 1701-1719
-------- -------- --- Thank You --- -------- --------


++++ PLEASE READ AND CITE THE FOLLOWING REFERENCE ++++
E. Lindahl and B. Hess and D. van der Spoel
GROMACS 3.0: A package for molecular simulation and trajectory analysis
J. Mol. Mod. 7 (2001) pp. 306-317
-------- -------- --- Thank You --- -------- --------


++++ PLEASE READ AND CITE THE FOLLOWING REFERENCE ++++
H. J. C. Berendsen, D. van der Spoel and R. van Drunen
GROMACS: A message-passing parallel molecular dynamics implementation
Comp. Phys. Comm. 91 (1995) pp. 43-56
-------- -------- --- Thank You --- -------- --------


For optimal performance with a GPU nstlist (now 10) should be larger.
The optimum depends on your CPU and GPU resources.
You might want to try several nstlist values.
Changing nstlist from 10 to 25, rlist from 0.801 to 0.857

Input Parameters:
   integrator                     = md
   tinit                          = 0
   dt                             = 0.002
   nsteps                         = 50000
   init-step                      = 0
   simulation-part                = 1
   comm-mode                      = Linear
   nstcomm                        = 100
   bd-fric                        = 0
   ld-seed                        = 3988731387
   emtol                          = 10
   emstep                         = 0.01
   niter                          = 20
   fcstep                         = 0
   nstcgsteep                     = 1000
   nbfgscorr                      = 10
   rtpi                           = 0.05
   nstxout                        = 0
   nstvout                        = 0
   nstfout                        = 0
   nstlog                         = 1000
   nstcalcenergy                  = 100
   nstenergy                      = 1000
   nstxout-compressed             = 1000
   compressed-x-precision         = 1000
   cutoff-scheme                  = Verlet
   nstlist                        = 25
   ns-type                        = Grid
   pbc                            = xyz
   periodic-molecules             = FALSE
   verlet-buffer-tolerance        = 0.005
   rlist                          = 0.857
   rlistlong                      = 0.857
   nstcalclr                      = 10
   coulombtype                    = PME
   coulomb-modifier               = Potential-shift
   rcoulomb-switch                = 0
   rcoulomb                       = 0.8
   epsilon-r                      = 1
   epsilon-rf                     = inf
   vdw-type                       = Cut-off
   vdw-modifier                   = Potential-shift
   rvdw-switch                    = 0
   rvdw                           = 0.8
   DispCorr                       = EnerPres
   table-extension                = 1
   fourierspacing                 = 0.16
   fourier-nx                     = 44
   fourier-ny                     = 44
   fourier-nz                     = 44
   pme-order                      = 4
   ewald-rtol                     = 1e-05
   ewald-rtol-lj                  = 0.001
   lj-pme-comb-rule               = Geometric
   ewald-geometry                 = 0
   epsilon-surface                = 0
   implicit-solvent               = No
   gb-algorithm                   = Still
   nstgbradii                     = 1
   rgbradii                       = 1
   gb-epsilon-solvent             = 80
   gb-saltconc                    = 0
   gb-obc-alpha                   = 1
   gb-obc-beta                    = 0.8
   gb-obc-gamma                   = 4.85
   gb-dielectric-offset           = 0.009
   sa-algorithm                   = Ace-approximation
   sa-surface-tension             = 2.05016
   tcoupl                         = V-rescale
   nsttcouple                     = 10
   nh-chain-length                = 0
   print-nose-hoover-chain-variables = FALSE
   pcoupl                         = No
   pcoupltype                     = Isotropic
   nstpcouple                     = -1
   tau-p                          = 1
   compressibility (3x3):
      compressibility[    0]={ 0.00000e+00,  0.00000e+00,  0.00000e+00}
      compressibility[    1]={ 0.00000e+00,  0.00000e+00,  0.00000e+00}
      compressibility[    2]={ 0.00000e+00,  0.00000e+00,  0.00000e+00}
   ref-p (3x3):
      ref-p[    0]={ 0.00000e+00,  0.00000e+00,  0.00000e+00}
      ref-p[    1]={ 0.00000e+00,  0.00000e+00,  0.00000e+00}
      ref-p[    2]={ 0.00000e+00,  0.00000e+00,  0.00000e+00}
   refcoord-scaling               = No
   posres-com (3):
      posres-com[0]= 0.00000e+00
      posres-com[1]= 0.00000e+00
      posres-com[2]= 0.00000e+00
   posres-comB (3):
      posres-comB[0]= 0.00000e+00
      posres-comB[1]= 0.00000e+00
      posres-comB[2]= 0.00000e+00
   QMMM                           = FALSE
   QMconstraints                  = 0
   QMMMscheme                     = 0
   MMChargeScaleFactor            = 1
qm-opts:
   ngQM                           = 0
   constraint-algorithm           = Lincs
   continuation                   = FALSE
   Shake-SOR                      = FALSE
   shake-tol                      = 0.0001
   lincs-order                    = 4
   lincs-iter                     = 1
   lincs-warnangle                = 30
   nwall                          = 0
   wall-type                      = 9-3
   wall-r-linpot                  = -1
   wall-atomtype[0]               = -1
   wall-atomtype[1]               = -1
   wall-density[0]                = 0
   wall-density[1]                = 0
   wall-ewald-zfac                = 3
   pull                           = FALSE
   rotation                       = FALSE
   interactiveMD                  = FALSE
   disre                          = No
   disre-weighting                = Conservative
   disre-mixed                    = FALSE
   dr-fc                          = 1000
   dr-tau                         = 0
   nstdisreout                    = 100
   orire-fc                       = 0
   orire-tau                      = 0
   nstorireout                    = 100
   free-energy                    = no
   cos-acceleration               = 0
   deform (3x3):
      deform[    0]={ 0.00000e+00,  0.00000e+00,  0.00000e+00}
      deform[    1]={ 0.00000e+00,  0.00000e+00,  0.00000e+00}
      deform[    2]={ 0.00000e+00,  0.00000e+00,  0.00000e+00}
   simulated-tempering            = FALSE
   E-x:
      n = 0
   E-xt:
      n = 0
   E-y:
      n = 0
   E-yt:
      n = 0
   E-z:
      n = 0
   E-zt:
      n = 0
   swapcoords                     = no
   adress                         = FALSE
   userint1                       = 0
   userint2                       = 0
   userint3                       = 0
   userint4                       = 0
   userreal1                      = 0
   userreal2                      = 0
   userreal3                      = 0
   userreal4                      = 0
grpopts:
   nrdf:     5305.75     57285.3
   ref-t:         320         320
   tau-t:         0.1         0.1
annealing:          No          No
annealing-npoints:           0           0
   acc:	           0           0           0
   nfreeze:           Y           Y           Y           N           N           N
   energygrp-flags[  0]: 0

Using 1 MPI thread
Using 24 OpenMP threads 

1 compatible GPU is present, with ID 0
1 GPU auto-selected for this run.
Mapping of GPU ID to the 1 PP rank in this node: 0

Will do PME sum in reciprocal space for electrostatic interactions.

++++ PLEASE READ AND CITE THE FOLLOWING REFERENCE ++++
U. Essmann, L. Perera, M. L. Berkowitz, T. Darden, H. Lee and L. G. Pedersen 
A smooth particle mesh Ewald method
J. Chem. Phys. 103 (1995) pp. 8577-8592
-------- -------- --- Thank You --- -------- --------

Will do ordinary reciprocal space Ewald sum.
Using a Gaussian width (1/beta) of 0.25613 nm for Ewald
Cut-off's:   NS: 0.857   Coulomb: 0.8   LJ: 0.8
Long Range LJ corr.: <C6> 3.2521e-04
System total charge: -1.000
Generated table with 928 data points for Ewald.
Tabscale = 500 points/nm
Generated table with 928 data points for LJ6.
Tabscale = 500 points/nm
Generated table with 928 data points for LJ12.
Tabscale = 500 points/nm
Generated table with 928 data points for 1-4 COUL.
Tabscale = 500 points/nm
Generated table with 928 data points for 1-4 LJ6.
Tabscale = 500 points/nm
Generated table with 928 data points for 1-4 LJ12.
Tabscale = 500 points/nm
Potential shift: LJ r^-12: -1.455e+01 r^-6: -3.815e+00, Ewald -1.000e-05
Initialized non-bonded Ewald correction tables, spacing: 8.35e-04 size: 960


NOTE: GROMACS was configured without NVML support hence it can not exploit
      application clocks of the detected Tesla P4 GPU to improve performance.
      Recompile with the NVML library (compatible with the driver used) or set application clocks manually.


Using GPU 8x8 non-bonded kernels

Removing pbc first time
Pinning threads with an auto-selected logical core stride of 1

Initializing LINear Constraint Solver

++++ PLEASE READ AND CITE THE FOLLOWING REFERENCE ++++
B. Hess and H. Bekker and H. J. C. Berendsen and J. G. E. M. Fraaije
LINCS: A Linear Constraint Solver for molecular simulations
J. Comp. Chem. 18 (1997) pp. 1463-1472
-------- -------- --- Thank You --- -------- --------

The number of constraints is 3371

++++ PLEASE READ AND CITE THE FOLLOWING REFERENCE ++++
S. Miyamoto and P. A. Kollman
SETTLE: An Analytical Version of the SHAKE and RATTLE Algorithms for Rigid
Water Models
J. Comp. Chem. 13 (1992) pp. 952-962
-------- -------- --- Thank You --- -------- --------

Center of mass motion removal mode is Linear
We have the following groups for center of mass motion removal:
  0:  rest

++++ PLEASE READ AND CITE THE FOLLOWING REFERENCE ++++
G. Bussi, D. Donadio and M. Parrinello
Canonical sampling through velocity rescaling
J. Chem. Phys. 126 (2007) pp. 014101
-------- -------- --- Thank You --- -------- --------

There are: 31976 Atoms

Constraining the starting coordinates (step 0)

Constraining the coordinates at t0-dt (step 0)
RMS relative constraint deviation after constraining: 2.25e-06
Initial temperature: 0.00108935 K

Started mdrun on rank 0 Tue Jul  7 11:33:09 2020
           Step           Time         Lambda
              0        0.00000        0.00000

   Energies (kJ/mol)
          Angle    Proper Dih.  Improper Dih.          LJ-14     Coulomb-14
    3.58358e+03    8.22800e+03    1.86549e+02    3.07490e+03    2.58811e+04
        LJ (SR)  Disper. corr.   Coulomb (SR)   Coul. recip.      Potential
    6.10343e+04   -8.41252e+03   -5.16197e+05    8.77669e+03   -4.13844e+05
    Kinetic En.   Total Energy  Conserved En.    Temperature Pres. DC (bar)
    5.31880e+02   -4.13312e+05   -4.13312e+05    2.04408e+00   -4.34024e+02
 Pressure (bar)   Constr. rmsd
   -6.77495e+29    8.02415e-06

step   50: timed with pme grid 44 44 44, coulomb cutoff 0.800: 182.5 M-cycles
step  100: timed with pme grid 40 40 40, coulomb cutoff 0.857: 154.0 M-cycles
step  150: timed with pme grid 36 36 36, coulomb cutoff 0.953: 153.9 M-cycles
step  200: timed with pme grid 32 32 32, coulomb cutoff 1.072: 159.3 M-cycles
step  250: timed with pme grid 28 28 28, coulomb cutoff 1.225: 193.4 M-cycles
step  300: timed with pme grid 32 32 32, coulomb cutoff 1.072: 144.5 M-cycles
step  350: timed with pme grid 36 36 36, coulomb cutoff 0.953: 130.0 M-cycles
step  400: timed with pme grid 40 40 40, coulomb cutoff 0.857: 129.1 M-cycles
step  450: timed with pme grid 42 42 42, coulomb cutoff 0.816: 159.9 M-cycles
step  500: timed with pme grid 32 32 32, coulomb cutoff 1.072: 143.7 M-cycles
step  550: timed with pme grid 36 36 36, coulomb cutoff 0.953: 142.1 M-cycles
step  600: timed with pme grid 40 40 40, coulomb cutoff 0.857: 145.5 M-cycles
              optimal pme grid 40 40 40, coulomb cutoff 0.857
           Step           Time         Lambda
           1000        2.00000        0.00000

   Energies (kJ/mol)
          Angle    Proper Dih.  Improper Dih.          LJ-14     Coulomb-14
    7.05302e+03    8.97673e+03    5.28982e+02    3.45833e+03    2.58739e+04
        LJ (SR)  Disper. corr.   Coulomb (SR)   Coul. recip.      Potential
    5.54490e+04   -8.41252e+03   -5.04211e+05    5.69876e+03   -4.05585e+05
    Kinetic En.   Total Energy  Conserved En.    Temperature Pres. DC (bar)
    8.34986e+04   -3.22087e+05   -4.10256e+05    3.20895e+02   -4.34024e+02
 Pressure (bar)   Constr. rmsd
   -1.17102e+28    8.51159e-06

           Step           Time         Lambda
           2000        4.00000        0.00000

   Energies (kJ/mol)
          Angle    Proper Dih.  Improper Dih.          LJ-14     Coulomb-14
    6.91664e+03    8.94457e+03    4.76386e+02    3.46111e+03    2.59559e+04
        LJ (SR)  Disper. corr.   Coulomb (SR)   Coul. recip.      Potential
    5.46507e+04   -8.41252e+03   -5.04110e+05    5.77174e+03   -4.06345e+05
    Kinetic En.   Total Energy  Conserved En.    Temperature Pres. DC (bar)
    8.33956e+04   -3.22950e+05   -4.10285e+05    3.20499e+02   -4.34024e+02
 Pressure (bar)   Constr. rmsd
   -1.17102e+28    8.58386e-06

           Step           Time         Lambda
           3000        6.00000        0.00000

   Energies (kJ/mol)
          Angle    Proper Dih.  Improper Dih.          LJ-14     Coulomb-14
    7.11075e+03    8.75186e+03    4.18920e+02    3.43065e+03    2.61516e+04
        LJ (SR)  Disper. corr.   Coulomb (SR)   Coul. recip.      Potential
    5.46878e+04   -8.41252e+03   -5.03672e+05    5.63660e+03   -4.05896e+05
    Kinetic En.   Total Energy  Conserved En.    Temperature Pres. DC (bar)
    8.42121e+04   -3.21684e+05   -4.10340e+05    3.23637e+02   -4.34024e+02
 Pressure (bar)   Constr. rmsd
   -1.17102e+28    7.85692e-06

           Step           Time         Lambda
           4000        8.00000        0.00000

   Energies (kJ/mol)
          Angle    Proper Dih.  Improper Dih.          LJ-14     Coulomb-14
    7.14826e+03    8.88166e+03    4.95776e+02    3.40317e+03    2.60962e+04
        LJ (SR)  Disper. corr.   Coulomb (SR)   Coul. recip.      Potential
    5.47842e+04   -8.41252e+03   -5.03274e+05    5.56763e+03   -4.05310e+05
    Kinetic En.   Total Energy  Conserved En.    Temperature Pres. DC (bar)
    8.42183e+04   -3.21092e+05   -4.10375e+05    3.23661e+02   -4.34024e+02
 Pressure (bar)   Constr. rmsd
   -1.17102e+28    8.12908e-06

           Step           Time         Lambda
           5000       10.00000        0.00000

   Energies (kJ/mol)
          Angle    Proper Dih.  Improper Dih.          LJ-14     Coulomb-14
    7.19123e+03    8.75850e+03    4.73763e+02    3.48844e+03    2.61031e+04
        LJ (SR)  Disper. corr.   Coulomb (SR)   Coul. recip.      Potential
    5.40904e+04   -8.41252e+03   -5.02820e+05    5.66664e+03   -4.05460e+05
    Kinetic En.   Total Energy  Conserved En.    Temperature Pres. DC (bar)
    8.25596e+04   -3.22901e+05   -4.10365e+05    3.17286e+02   -4.34024e+02
 Pressure (bar)   Constr. rmsd
   -1.17102e+28    6.95734e-06

           Step           Time         Lambda
           6000       12.00000        0.00000

   Energies (kJ/mol)
          Angle    Proper Dih.  Improper Dih.          LJ-14     Coulomb-14
    7.06197e+03    8.77912e+03    4.51492e+02    3.37314e+03    2.59540e+04
        LJ (SR)  Disper. corr.   Coulomb (SR)   Coul. recip.      Potential
    5.51383e+04   -8.41252e+03   -5.04552e+05    5.69862e+03   -4.06508e+05
    Kinetic En.   Total Energy  Conserved En.    Temperature Pres. DC (bar)
    8.33721e+04   -3.23135e+05   -4.10412e+05    3.20409e+02   -4.34024e+02
 Pressure (bar)   Constr. rmsd
   -1.17102e+28    8.80382e-06

           Step           Time         Lambda
           7000       14.00000        0.00000

   Energies (kJ/mol)
          Angle    Proper Dih.  Improper Dih.          LJ-14     Coulomb-14
    7.13530e+03    8.78253e+03    4.47599e+02    3.47678e+03    2.59703e+04
        LJ (SR)  Disper. corr.   Coulomb (SR)   Coul. recip.      Potential
    5.41526e+04   -8.41252e+03   -5.03137e+05    5.62395e+03   -4.05960e+05
    Kinetic En.   Total Energy  Conserved En.    Temperature Pres. DC (bar)
    8.35874e+04   -3.22373e+05   -4.10452e+05    3.21236e+02   -4.34024e+02
 Pressure (bar)   Constr. rmsd
   -1.17102e+28    8.92387e-06

           Step           Time         Lambda
           8000       16.00000        0.00000

   Energies (kJ/mol)
          Angle    Proper Dih.  Improper Dih.          LJ-14     Coulomb-14
    7.25791e+03    8.77117e+03    4.40572e+02    3.45771e+03    2.59925e+04
        LJ (SR)  Disper. corr.   Coulomb (SR)   Coul. recip.      Potential
    5.38921e+04   -8.41252e+03   -5.01940e+05    5.70408e+03   -4.04837e+05
    Kinetic En.   Total Energy  Conserved En.    Temperature Pres. DC (bar)
    8.38224e+04   -3.21014e+05   -4.10499e+05    3.22139e+02   -4.34024e+02
 Pressure (bar)   Constr. rmsd
   -1.17102e+28    8.90308e-06

           Step           Time         Lambda
           9000       18.00000        0.00000

   Energies (kJ/mol)
          Angle    Proper Dih.  Improper Dih.          LJ-14     Coulomb-14
    7.03736e+03    8.87447e+03    4.10911e+02    3.44402e+03    2.62704e+04
        LJ (SR)  Disper. corr.   Coulomb (SR)   Coul. recip.      Potential
    5.37771e+04   -8.41252e+03   -5.03752e+05    5.69264e+03   -4.06658e+05
    Kinetic En.   Total Energy  Conserved En.    Temperature Pres. DC (bar)
    8.27411e+04   -3.23917e+05   -4.10503e+05    3.17984e+02   -4.34024e+02
 Pressure (bar)   Constr. rmsd
   -1.17102e+28    8.62375e-06

           Step           Time         Lambda
          10000       20.00000        0.00000

   Energies (kJ/mol)
          Angle    Proper Dih.  Improper Dih.          LJ-14     Coulomb-14
    7.21095e+03    8.75019e+03    3.98388e+02    3.41140e+03    2.60056e+04
        LJ (SR)  Disper. corr.   Coulomb (SR)   Coul. recip.      Potential
    5.36595e+04   -8.41252e+03   -5.03497e+05    5.61406e+03   -4.06860e+05
    Kinetic En.   Total Energy  Conserved En.    Temperature Pres. DC (bar)
    8.26709e+04   -3.24189e+05   -4.10547e+05    3.17714e+02   -4.34024e+02
 Pressure (bar)   Constr. rmsd
   -1.17102e+28    9.17990e-06

           Step           Time         Lambda
          11000       22.00000        0.00000

   Energies (kJ/mol)
          Angle    Proper Dih.  Improper Dih.          LJ-14     Coulomb-14
    7.20254e+03    8.75657e+03    4.58457e+02    3.43111e+03    2.59646e+04
        LJ (SR)  Disper. corr.   Coulomb (SR)   Coul. recip.      Potential
    5.46936e+04   -8.41252e+03   -5.03121e+05    5.66181e+03   -4.05365e+05
    Kinetic En.   Total Energy  Conserved En.    Temperature Pres. DC (bar)
    8.33538e+04   -3.22011e+05   -4.10572e+05    3.20339e+02   -4.34024e+02
 Pressure (bar)   Constr. rmsd
   -1.17102e+28    7.68633e-06

           Step           Time         Lambda
          12000       24.00000        0.00000

   Energies (kJ/mol)
          Angle    Proper Dih.  Improper Dih.          LJ-14     Coulomb-14
    7.11167e+03    8.73469e+03    4.14414e+02    3.41214e+03    2.59592e+04
        LJ (SR)  Disper. corr.   Coulomb (SR)   Coul. recip.      Potential
    5.38807e+04   -8.41252e+03   -5.03187e+05    5.65240e+03   -4.06434e+05
    Kinetic En.   Total Energy  Conserved En.    Temperature Pres. DC (bar)
    8.39597e+04   -3.22475e+05   -4.10624e+05    3.22667e+02   -4.34024e+02
 Pressure (bar)   Constr. rmsd
   -1.17102e+28    8.65959e-06

           Step           Time         Lambda
          13000       26.00000        0.00000

   Energies (kJ/mol)
          Angle    Proper Dih.  Improper Dih.          LJ-14     Coulomb-14
    7.40679e+03    8.78440e+03    4.68401e+02    3.40643e+03    2.59049e+04
        LJ (SR)  Disper. corr.   Coulomb (SR)   Coul. recip.      Potential
    5.42112e+04   -8.41252e+03   -5.04105e+05    5.58699e+03   -4.06748e+05
    Kinetic En.   Total Energy  Conserved En.    Temperature Pres. DC (bar)
    8.36625e+04   -3.23086e+05   -4.10640e+05    3.21525e+02   -4.34024e+02
 Pressure (bar)   Constr. rmsd
   -1.17102e+28    9.49561e-06

           Step           Time         Lambda
          14000       28.00000        0.00000

   Energies (kJ/mol)
          Angle    Proper Dih.  Improper Dih.          LJ-14     Coulomb-14
    7.29483e+03    8.78775e+03    4.32514e+02    3.42980e+03    2.60283e+04
        LJ (SR)  Disper. corr.   Coulomb (SR)   Coul. recip.      Potential
    5.39203e+04   -8.41252e+03   -5.04010e+05    5.55486e+03   -4.06974e+05
    Kinetic En.   Total Energy  Conserved En.    Temperature Pres. DC (bar)
    8.26818e+04   -3.24292e+05   -4.10653e+05    3.17756e+02   -4.34024e+02
 Pressure (bar)   Constr. rmsd
   -1.17102e+28    7.56695e-06

           Step           Time         Lambda
          15000       30.00000        0.00000

   Energies (kJ/mol)
          Angle    Proper Dih.  Improper Dih.          LJ-14     Coulomb-14
    7.58747e+03    8.80401e+03    4.53030e+02    3.38364e+03    2.60071e+04
        LJ (SR)  Disper. corr.   Coulomb (SR)   Coul. recip.      Potential
    5.32025e+04   -8.41252e+03   -5.03030e+05    5.67268e+03   -4.06332e+05
    Kinetic En.   Total Energy  Conserved En.    Temperature Pres. DC (bar)
    8.37877e+04   -3.22544e+05   -4.10691e+05    3.22006e+02   -4.34024e+02
 Pressure (bar)   Constr. rmsd
   -1.17102e+28    8.56578e-06

           Step           Time         Lambda
          16000       32.00000        0.00000

   Energies (kJ/mol)
          Angle    Proper Dih.  Improper Dih.          LJ-14     Coulomb-14
    7.07181e+03    8.74611e+03    4.63540e+02    3.38842e+03    2.60754e+04
        LJ (SR)  Disper. corr.   Coulomb (SR)   Coul. recip.      Potential
    5.42332e+04   -8.41252e+03   -5.04117e+05    5.77736e+03   -4.06773e+05
    Kinetic En.   Total Energy  Conserved En.    Temperature Pres. DC (bar)
    8.35892e+04   -3.23184e+05   -4.10756e+05    3.21243e+02   -4.34024e+02
 Pressure (bar)   Constr. rmsd
   -1.17102e+28    7.59203e-06

           Step           Time         Lambda
          17000       34.00000        0.00000

   Energies (kJ/mol)
          Angle    Proper Dih.  Improper Dih.          LJ-14     Coulomb-14
    7.32294e+03    8.78251e+03    4.39168e+02    3.38075e+03    2.61341e+04
        LJ (SR)  Disper. corr.   Coulomb (SR)   Coul. recip.      Potential
    5.46080e+04   -8.41252e+03   -5.04555e+05    5.71424e+03   -4.06586e+05
    Kinetic En.   Total Energy  Conserved En.    Temperature Pres. DC (bar)
    8.36011e+04   -3.22985e+05   -4.10755e+05    3.21289e+02   -4.34024e+02
 Pressure (bar)   Constr. rmsd
   -1.17102e+28    7.88397e-06

           Step           Time         Lambda
          18000       36.00000        0.00000

   Energies (kJ/mol)
          Angle    Proper Dih.  Improper Dih.          LJ-14     Coulomb-14
    7.33122e+03    8.70459e+03    4.30776e+02    3.40849e+03    2.59970e+04
        LJ (SR)  Disper. corr.   Coulomb (SR)   Coul. recip.      Potential
    5.46417e+04   -8.41252e+03   -5.04264e+05    5.64935e+03   -4.06513e+05
    Kinetic En.   Total Energy  Conserved En.    Temperature Pres. DC (bar)
    8.34840e+04   -3.23029e+05   -4.10795e+05    3.20839e+02   -4.34024e+02
 Pressure (bar)   Constr. rmsd
   -1.17102e+28    8.27292e-06

           Step           Time         Lambda
          19000       38.00000        0.00000

   Energies (kJ/mol)
          Angle    Proper Dih.  Improper Dih.          LJ-14     Coulomb-14
    7.32657e+03    8.69293e+03    4.80343e+02    3.47480e+03    2.60091e+04
        LJ (SR)  Disper. corr.   Coulomb (SR)   Coul. recip.      Potential
    5.43633e+04   -8.41252e+03   -5.03625e+05    5.60210e+03   -4.06088e+05
    Kinetic En.   Total Energy  Conserved En.    Temperature Pres. DC (bar)
    8.30061e+04   -3.23082e+05   -4.10814e+05    3.19002e+02   -4.34024e+02
 Pressure (bar)   Constr. rmsd
   -1.17102e+28    9.09139e-06

           Step           Time         Lambda
          20000       40.00000        0.00000

   Energies (kJ/mol)
          Angle    Proper Dih.  Improper Dih.          LJ-14     Coulomb-14
    7.23481e+03    8.82264e+03    4.44453e+02    3.41921e+03    2.60638e+04
        LJ (SR)  Disper. corr.   Coulomb (SR)   Coul. recip.      Potential
    5.40280e+04   -8.41252e+03   -5.03188e+05    5.73371e+03   -4.05854e+05
    Kinetic En.   Total Energy  Conserved En.    Temperature Pres. DC (bar)
    8.32715e+04   -3.22582e+05   -4.10856e+05    3.20023e+02   -4.34024e+02
 Pressure (bar)   Constr. rmsd
   -1.17102e+28    8.61948e-06

           Step           Time         Lambda
          21000       42.00000        0.00000

   Energies (kJ/mol)
          Angle    Proper Dih.  Improper Dih.          LJ-14     Coulomb-14
    7.43030e+03    8.76141e+03    4.85045e+02    3.42583e+03    2.60374e+04
        LJ (SR)  Disper. corr.   Coulomb (SR)   Coul. recip.      Potential
    5.41538e+04   -8.41252e+03   -5.03149e+05    5.57198e+03   -4.05696e+05
    Kinetic En.   Total Energy  Conserved En.    Temperature Pres. DC (bar)
    8.31006e+04   -3.22595e+05   -4.10878e+05    3.19366e+02   -4.34024e+02
 Pressure (bar)   Constr. rmsd
   -1.17102e+28    8.56495e-06

           Step           Time         Lambda
          22000       44.00000        0.00000

   Energies (kJ/mol)
          Angle    Proper Dih.  Improper Dih.          LJ-14     Coulomb-14
    7.20426e+03    8.75721e+03    4.44434e+02    3.41850e+03    2.61551e+04
        LJ (SR)  Disper. corr.   Coulomb (SR)   Coul. recip.      Potential
    5.48082e+04   -8.41252e+03   -5.04065e+05    5.66441e+03   -4.06025e+05
    Kinetic En.   Total Energy  Conserved En.    Temperature Pres. DC (bar)
    8.32671e+04   -3.22758e+05   -4.10912e+05    3.20005e+02   -4.34024e+02
 Pressure (bar)   Constr. rmsd
   -1.17102e+28    1.01071e-05

           Step           Time         Lambda
          23000       46.00000        0.00000

   Energies (kJ/mol)
          Angle    Proper Dih.  Improper Dih.          LJ-14     Coulomb-14
    7.30622e+03    8.69065e+03    4.33474e+02    3.40853e+03    2.61485e+04
        LJ (SR)  Disper. corr.   Coulomb (SR)   Coul. recip.      Potential
    5.31308e+04   -8.41252e+03   -5.02627e+05    5.66822e+03   -4.06253e+05
    Kinetic En.   Total Energy  Conserved En.    Temperature Pres. DC (bar)
    8.25893e+04   -3.23664e+05   -4.10937e+05    3.17401e+02   -4.34024e+02
 Pressure (bar)   Constr. rmsd
   -1.17102e+28    8.20731e-06

           Step           Time         Lambda
          24000       48.00000        0.00000

   Energies (kJ/mol)
          Angle    Proper Dih.  Improper Dih.          LJ-14     Coulomb-14
    7.27502e+03    8.70643e+03    4.17021e+02    3.41300e+03    2.58601e+04
        LJ (SR)  Disper. corr.   Coulomb (SR)   Coul. recip.      Potential
    5.35074e+04   -8.41252e+03   -5.02908e+05    5.65512e+03   -4.06486e+05
    Kinetic En.   Total Energy  Conserved En.    Temperature Pres. DC (bar)
    8.19489e+04   -3.24537e+05   -4.10983e+05    3.14939e+02   -4.34024e+02
 Pressure (bar)   Constr. rmsd
   -1.17102e+28    7.15680e-06

           Step           Time         Lambda
          25000       50.00000        0.00000

   Energies (kJ/mol)
          Angle    Proper Dih.  Improper Dih.          LJ-14     Coulomb-14
    7.20839e+03    8.85319e+03    3.81198e+02    3.42142e+03    2.61366e+04
        LJ (SR)  Disper. corr.   Coulomb (SR)   Coul. recip.      Potential
    5.48297e+04   -8.41252e+03   -5.04925e+05    5.68221e+03   -4.06825e+05
    Kinetic En.   Total Energy  Conserved En.    Temperature Pres. DC (bar)
    8.42701e+04   -3.22555e+05   -4.11024e+05    3.23860e+02   -4.34024e+02
 Pressure (bar)   Constr. rmsd
   -1.17102e+28    9.49746e-06

           Step           Time         Lambda
          26000       52.00000        0.00000

   Energies (kJ/mol)
          Angle    Proper Dih.  Improper Dih.          LJ-14     Coulomb-14
    7.18952e+03    8.72642e+03    4.10044e+02    3.42329e+03    2.59789e+04
        LJ (SR)  Disper. corr.   Coulomb (SR)   Coul. recip.      Potential
    5.44607e+04   -8.41252e+03   -5.03009e+05    5.56079e+03   -4.05672e+05
    Kinetic En.   Total Energy  Conserved En.    Temperature Pres. DC (bar)
    8.37697e+04   -3.21902e+05   -4.11055e+05    3.21937e+02   -4.34024e+02
 Pressure (bar)   Constr. rmsd
   -1.17102e+28    9.57928e-06

           Step           Time         Lambda
          27000       54.00000        0.00000

   Energies (kJ/mol)
          Angle    Proper Dih.  Improper Dih.          LJ-14     Coulomb-14
    7.31169e+03    8.77564e+03    4.01339e+02    3.38290e+03    2.58218e+04
        LJ (SR)  Disper. corr.   Coulomb (SR)   Coul. recip.      Potential
    5.42818e+04   -8.41252e+03   -5.02809e+05    5.65005e+03   -4.05596e+05
    Kinetic En.   Total Energy  Conserved En.    Temperature Pres. DC (bar)
    8.27951e+04   -3.22801e+05   -4.11093e+05    3.18192e+02   -4.34024e+02
 Pressure (bar)   Constr. rmsd
   -1.17102e+28    8.77018e-06

           Step           Time         Lambda
          28000       56.00000        0.00000

   Energies (kJ/mol)
          Angle    Proper Dih.  Improper Dih.          LJ-14     Coulomb-14
    7.36652e+03    8.82127e+03    4.53940e+02    3.40894e+03    2.58727e+04
        LJ (SR)  Disper. corr.   Coulomb (SR)   Coul. recip.      Potential
    5.38338e+04   -8.41252e+03   -5.02693e+05    5.63474e+03   -4.05714e+05
    Kinetic En.   Total Energy  Conserved En.    Temperature Pres. DC (bar)
    8.36007e+04   -3.22113e+05   -4.11113e+05    3.21288e+02   -4.34024e+02
 Pressure (bar)   Constr. rmsd
   -1.17102e+28    8.64847e-06

           Step           Time         Lambda
          29000       58.00000        0.00000

   Energies (kJ/mol)
          Angle    Proper Dih.  Improper Dih.          LJ-14     Coulomb-14
    7.33083e+03    8.78745e+03    3.93446e+02    3.40843e+03    2.60476e+04
        LJ (SR)  Disper. corr.   Coulomb (SR)   Coul. recip.      Potential
    5.50283e+04   -8.41252e+03   -5.04483e+05    5.62933e+03   -4.06270e+05
    Kinetic En.   Total Energy  Conserved En.    Temperature Pres. DC (bar)
    8.32014e+04   -3.23069e+05   -4.11139e+05    3.19753e+02   -4.34024e+02
 Pressure (bar)   Constr. rmsd
   -1.17102e+28    9.26216e-06

           Step           Time         Lambda
          30000       60.00000        0.00000

   Energies (kJ/mol)
          Angle    Proper Dih.  Improper Dih.          LJ-14     Coulomb-14
    7.15168e+03    8.80565e+03    4.60346e+02    3.42471e+03    2.60525e+04
        LJ (SR)  Disper. corr.   Coulomb (SR)   Coul. recip.      Potential
    5.40866e+04   -8.41252e+03   -5.03336e+05    5.70314e+03   -4.06064e+05
    Kinetic En.   Total Energy  Conserved En.    Temperature Pres. DC (bar)
    8.31060e+04   -3.22958e+05   -4.11174e+05    3.19386e+02   -4.34024e+02
 Pressure (bar)   Constr. rmsd
   -1.17102e+28    8.48011e-06

           Step           Time         Lambda
          31000       62.00000        0.00000

   Energies (kJ/mol)
          Angle    Proper Dih.  Improper Dih.          LJ-14     Coulomb-14
    7.28379e+03    8.74623e+03    4.47843e+02    3.36591e+03    2.60243e+04
        LJ (SR)  Disper. corr.   Coulomb (SR)   Coul. recip.      Potential
    5.51790e+04   -8.41252e+03   -5.04220e+05    5.70861e+03   -4.05876e+05
    Kinetic En.   Total Energy  Conserved En.    Temperature Pres. DC (bar)
    8.33110e+04   -3.22565e+05   -4.11221e+05    3.20174e+02   -4.34024e+02
 Pressure (bar)   Constr. rmsd
   -1.17102e+28    8.36973e-06

           Step           Time         Lambda
          32000       64.00000        0.00000

   Energies (kJ/mol)
          Angle    Proper Dih.  Improper Dih.          LJ-14     Coulomb-14
    7.20015e+03    8.83510e+03    4.15762e+02    3.44924e+03    2.60439e+04
        LJ (SR)  Disper. corr.   Coulomb (SR)   Coul. recip.      Potential
    5.37550e+04   -8.41252e+03   -5.03486e+05    5.65056e+03   -4.06549e+05
    Kinetic En.   Total Energy  Conserved En.    Temperature Pres. DC (bar)
    8.29141e+04   -3.23635e+05   -4.11260e+05    3.18649e+02   -4.34024e+02
 Pressure (bar)   Constr. rmsd
   -1.17102e+28    8.41906e-06

           Step           Time         Lambda
          33000       66.00000        0.00000

   Energies (kJ/mol)
          Angle    Proper Dih.  Improper Dih.          LJ-14     Coulomb-14
    7.07608e+03    8.79567e+03    4.21172e+02    3.41993e+03    2.60921e+04
        LJ (SR)  Disper. corr.   Coulomb (SR)   Coul. recip.      Potential
    5.41657e+04   -8.41252e+03   -5.04152e+05    5.66625e+03   -4.06928e+05
    Kinetic En.   Total Energy  Conserved En.    Temperature Pres. DC (bar)
    8.25042e+04   -3.24424e+05   -4.11292e+05    3.17074e+02   -4.34024e+02
 Pressure (bar)   Constr. rmsd
   -1.17102e+28    8.18008e-06

           Step           Time         Lambda
          34000       68.00000        0.00000

   Energies (kJ/mol)
          Angle    Proper Dih.  Improper Dih.          LJ-14     Coulomb-14
    7.21983e+03    8.82778e+03    4.35086e+02    3.44225e+03    2.58778e+04
        LJ (SR)  Disper. corr.   Coulomb (SR)   Coul. recip.      Potential
    5.46443e+04   -8.41252e+03   -5.05193e+05    5.68659e+03   -4.07472e+05
    Kinetic En.   Total Energy  Conserved En.    Temperature Pres. DC (bar)
    8.30838e+04   -3.24388e+05   -4.11307e+05    3.19301e+02   -4.34024e+02
 Pressure (bar)   Constr. rmsd
   -1.17102e+28    8.69984e-06

           Step           Time         Lambda
          35000       70.00000        0.00000

   Energies (kJ/mol)
          Angle    Proper Dih.  Improper Dih.          LJ-14     Coulomb-14
    7.24884e+03    8.73776e+03    4.58816e+02    3.41632e+03    2.61474e+04
        LJ (SR)  Disper. corr.   Coulomb (SR)   Coul. recip.      Potential
    5.48701e+04   -8.41252e+03   -5.05034e+05    5.59472e+03   -4.06972e+05
    Kinetic En.   Total Energy  Conserved En.    Temperature Pres. DC (bar)
    8.32525e+04   -3.23720e+05   -4.11347e+05    3.19949e+02   -4.34024e+02
 Pressure (bar)   Constr. rmsd
   -1.17102e+28    7.75539e-06

           Step           Time         Lambda
          36000       72.00000        0.00000

   Energies (kJ/mol)
          Angle    Proper Dih.  Improper Dih.          LJ-14     Coulomb-14
    7.40914e+03    8.76101e+03    4.24494e+02    3.42798e+03    2.59266e+04
        LJ (SR)  Disper. corr.   Coulomb (SR)   Coul. recip.      Potential
    5.45318e+04   -8.41252e+03   -5.04752e+05    5.65898e+03   -4.07025e+05
    Kinetic En.   Total Energy  Conserved En.    Temperature Pres. DC (bar)
    8.36014e+04   -3.23423e+05   -4.11379e+05    3.21290e+02   -4.34024e+02
 Pressure (bar)   Constr. rmsd
   -1.17102e+28    7.95544e-06

           Step           Time         Lambda
          37000       74.00000        0.00000

   Energies (kJ/mol)
          Angle    Proper Dih.  Improper Dih.          LJ-14     Coulomb-14
    7.32490e+03    8.78685e+03    3.82730e+02    3.38034e+03    2.60513e+04
        LJ (SR)  Disper. corr.   Coulomb (SR)   Coul. recip.      Potential
    5.39223e+04   -8.41252e+03   -5.03274e+05    5.62403e+03   -4.06214e+05
    Kinetic En.   Total Energy  Conserved En.    Temperature Pres. DC (bar)
    8.32929e+04   -3.22921e+05   -4.11421e+05    3.20104e+02   -4.34024e+02
 Pressure (bar)   Constr. rmsd
   -1.17102e+28    8.03954e-06

           Step           Time         Lambda
          38000       76.00000        0.00000

   Energies (kJ/mol)
          Angle    Proper Dih.  Improper Dih.          LJ-14     Coulomb-14
    7.17936e+03    8.76374e+03    4.02189e+02    3.43292e+03    2.62174e+04
        LJ (SR)  Disper. corr.   Coulomb (SR)   Coul. recip.      Potential
    5.40108e+04   -8.41252e+03   -5.04093e+05    5.66531e+03   -4.06834e+05
    Kinetic En.   Total Energy  Conserved En.    Temperature Pres. DC (bar)
    8.34124e+04   -3.23421e+05   -4.11435e+05    3.20564e+02   -4.34024e+02
 Pressure (bar)   Constr. rmsd
   -1.17102e+28    7.73442e-06

           Step           Time         Lambda
          39000       78.00000        0.00000

   Energies (kJ/mol)
          Angle    Proper Dih.  Improper Dih.          LJ-14     Coulomb-14
    7.35706e+03    8.80856e+03    4.58789e+02    3.41374e+03    2.61596e+04
        LJ (SR)  Disper. corr.   Coulomb (SR)   Coul. recip.      Potential
    5.36506e+04   -8.41252e+03   -5.04797e+05    5.77918e+03   -4.07582e+05
    Kinetic En.   Total Energy  Conserved En.    Temperature Pres. DC (bar)
    8.35839e+04   -3.23998e+05   -4.11437e+05    3.21223e+02   -4.34024e+02
 Pressure (bar)   Constr. rmsd
   -1.17102e+28    7.99434e-06

           Step           Time         Lambda
          40000       80.00000        0.00000

   Energies (kJ/mol)
          Angle    Proper Dih.  Improper Dih.          LJ-14     Coulomb-14
    7.15248e+03    8.79899e+03    4.31665e+02    3.46647e+03    2.60999e+04
        LJ (SR)  Disper. corr.   Coulomb (SR)   Coul. recip.      Potential
    5.34966e+04   -8.41252e+03   -5.02454e+05    5.68293e+03   -4.05738e+05
    Kinetic En.   Total Energy  Conserved En.    Temperature Pres. DC (bar)
    8.32408e+04   -3.22497e+05   -4.11491e+05    3.19904e+02   -4.34024e+02
 Pressure (bar)   Constr. rmsd
   -1.17102e+28    8.64560e-06

           Step           Time         Lambda
          41000       82.00000        0.00000

   Energies (kJ/mol)
          Angle    Proper Dih.  Improper Dih.          LJ-14     Coulomb-14
    7.35918e+03    8.77911e+03    4.33399e+02    3.35963e+03    2.61642e+04
        LJ (SR)  Disper. corr.   Coulomb (SR)   Coul. recip.      Potential
    5.45639e+04   -8.41252e+03   -5.04271e+05    5.64236e+03   -4.06382e+05
    Kinetic En.   Total Energy  Conserved En.    Temperature Pres. DC (bar)
    8.25419e+04   -3.23840e+05   -4.11505e+05    3.17219e+02   -4.34024e+02
 Pressure (bar)   Constr. rmsd
   -1.17102e+28    8.71191e-06

           Step           Time         Lambda
          42000       84.00000        0.00000

   Energies (kJ/mol)
          Angle    Proper Dih.  Improper Dih.          LJ-14     Coulomb-14
    7.39134e+03    8.78110e+03    4.36697e+02    3.42477e+03    2.60603e+04
        LJ (SR)  Disper. corr.   Coulomb (SR)   Coul. recip.      Potential
    5.44608e+04   -8.41252e+03   -5.03656e+05    5.56794e+03   -4.05946e+05
    Kinetic En.   Total Energy  Conserved En.    Temperature Pres. DC (bar)
    8.32356e+04   -3.22710e+05   -4.11567e+05    3.19885e+02   -4.34024e+02
 Pressure (bar)   Constr. rmsd
   -1.17102e+28    7.62826e-06

           Step           Time         Lambda
          43000       86.00000        0.00000

   Energies (kJ/mol)
          Angle    Proper Dih.  Improper Dih.          LJ-14     Coulomb-14
    7.11156e+03    8.76246e+03    4.23220e+02    3.39483e+03    2.61228e+04
        LJ (SR)  Disper. corr.   Coulomb (SR)   Coul. recip.      Potential
    5.43610e+04   -8.41252e+03   -5.05071e+05    5.70638e+03   -4.07601e+05
    Kinetic En.   Total Energy  Conserved En.    Temperature Pres. DC (bar)
    8.31047e+04   -3.24496e+05   -4.11594e+05    3.19382e+02   -4.34024e+02
 Pressure (bar)   Constr. rmsd
   -1.17102e+28    7.06443e-06

           Step           Time         Lambda
          44000       88.00000        0.00000

   Energies (kJ/mol)
          Angle    Proper Dih.  Improper Dih.          LJ-14     Coulomb-14
    7.12737e+03    8.69024e+03    4.21053e+02    3.36856e+03    2.60385e+04
        LJ (SR)  Disper. corr.   Coulomb (SR)   Coul. recip.      Potential
    5.39289e+04   -8.41252e+03   -5.02603e+05    5.60643e+03   -4.05834e+05
    Kinetic En.   Total Energy  Conserved En.    Temperature Pres. DC (bar)
    8.26661e+04   -3.23168e+05   -4.11612e+05    3.17696e+02   -4.34024e+02
 Pressure (bar)   Constr. rmsd
   -1.17102e+28    7.93742e-06

           Step           Time         Lambda
          45000       90.00000        0.00000

   Energies (kJ/mol)
          Angle    Proper Dih.  Improper Dih.          LJ-14     Coulomb-14
    7.07299e+03    8.83733e+03    4.49417e+02    3.45011e+03    2.60149e+04
        LJ (SR)  Disper. corr.   Coulomb (SR)   Coul. recip.      Potential
    5.40060e+04   -8.41252e+03   -5.03866e+05    5.67635e+03   -4.06771e+05
    Kinetic En.   Total Energy  Conserved En.    Temperature Pres. DC (bar)
    8.31916e+04   -3.23579e+05   -4.11654e+05    3.19716e+02   -4.34024e+02
 Pressure (bar)   Constr. rmsd
   -1.17102e+28    7.23983e-06

           Step           Time         Lambda
          46000       92.00000        0.00000

   Energies (kJ/mol)
          Angle    Proper Dih.  Improper Dih.          LJ-14     Coulomb-14
    7.29292e+03    8.78771e+03    4.03457e+02    3.45088e+03    2.61765e+04
        LJ (SR)  Disper. corr.   Coulomb (SR)   Coul. recip.      Potential
    5.40123e+04   -8.41252e+03   -5.02869e+05    5.69586e+03   -4.05462e+05
    Kinetic En.   Total Energy  Conserved En.    Temperature Pres. DC (bar)
    8.34919e+04   -3.21970e+05   -4.11685e+05    3.20869e+02   -4.34024e+02
 Pressure (bar)   Constr. rmsd
   -1.17102e+28    8.05915e-06

           Step           Time         Lambda
          47000       94.00000        0.00000

   Energies (kJ/mol)
          Angle    Proper Dih.  Improper Dih.          LJ-14     Coulomb-14
    7.17498e+03    8.83861e+03    4.15393e+02    3.42241e+03    2.59812e+04
        LJ (SR)  Disper. corr.   Coulomb (SR)   Coul. recip.      Potential
    5.50952e+04   -8.41252e+03   -5.04527e+05    5.85063e+03   -4.06161e+05
    Kinetic En.   Total Energy  Conserved En.    Temperature Pres. DC (bar)
    8.34960e+04   -3.22665e+05   -4.11718e+05    3.20885e+02   -4.34024e+02
 Pressure (bar)   Constr. rmsd
   -1.17102e+28    8.89495e-06

           Step           Time         Lambda
          48000       96.00000        0.00000

   Energies (kJ/mol)
          Angle    Proper Dih.  Improper Dih.          LJ-14     Coulomb-14
    7.30170e+03    8.78983e+03    4.03330e+02    3.39577e+03    2.60506e+04
        LJ (SR)  Disper. corr.   Coulomb (SR)   Coul. recip.      Potential
    5.42314e+04   -8.41252e+03   -5.03906e+05    5.58664e+03   -4.06560e+05
    Kinetic En.   Total Energy  Conserved En.    Temperature Pres. DC (bar)
    8.23758e+04   -3.24184e+05   -4.11724e+05    3.16580e+02   -4.34024e+02
 Pressure (bar)   Constr. rmsd
   -1.17102e+28    7.42682e-06

           Step           Time         Lambda
          49000       98.00000        0.00000

   Energies (kJ/mol)
          Angle    Proper Dih.  Improper Dih.          LJ-14     Coulomb-14
    7.33050e+03    8.79867e+03    4.50191e+02    3.47320e+03    2.62293e+04
        LJ (SR)  Disper. corr.   Coulomb (SR)   Coul. recip.      Potential
    5.40472e+04   -8.41252e+03   -5.02894e+05    5.70127e+03   -4.05276e+05
    Kinetic En.   Total Energy  Conserved En.    Temperature Pres. DC (bar)
    8.35822e+04   -3.21694e+05   -4.11755e+05    3.21216e+02   -4.34024e+02
 Pressure (bar)   Constr. rmsd
   -1.17102e+28    7.13720e-06

           Step           Time         Lambda
          50000      100.00000        0.00000

Writing checkpoint, step 50000 at Tue Jul  7 11:34:16 2020


   Energies (kJ/mol)
          Angle    Proper Dih.  Improper Dih.          LJ-14     Coulomb-14
    7.43486e+03    8.69017e+03    4.52556e+02    3.42366e+03    2.59622e+04
        LJ (SR)  Disper. corr.   Coulomb (SR)   Coul. recip.      Potential
    5.47391e+04   -8.41252e+03   -5.04480e+05    5.71523e+03   -4.06475e+05
    Kinetic En.   Total Energy  Conserved En.    Temperature Pres. DC (bar)
    8.30511e+04   -3.23424e+05   -4.11777e+05    3.19175e+02   -4.34024e+02
 Pressure (bar)   Constr. rmsd
   -1.17102e+28    8.01427e-06

	<======  ###############  ==>
	<====  A V E R A G E S  ====>
	<==  ###############  ======>

	Statistics over 50001 steps using 501 frames

   Energies (kJ/mol)
          Angle    Proper Dih.  Improper Dih.          LJ-14     Coulomb-14
    7.22497e+03    8.78833e+03    4.34663e+02    3.41978e+03    2.60214e+04
        LJ (SR)  Disper. corr.   Coulomb (SR)   Coul. recip.      Potential
    5.42586e+04   -8.41252e+03   -5.03687e+05    5.65225e+03   -4.06300e+05
    Kinetic En.   Total Energy  Conserved En.    Temperature Pres. DC (bar)
    8.30725e+04   -3.23227e+05   -4.11024e+05    3.19258e+02   -4.34024e+02
 Pressure (bar)   Constr. rmsd
   -1.30391e+28    0.00000e+00

   Total Virial (kJ/mol)
    1.11440e+29   -4.96194e+27    3.60324e+28
   -4.96194e+27    1.21706e+29   -2.96177e+28
    3.60324e+28   -2.96177e+28    1.46845e+29

   Pressure (bar)
   -1.14719e+28    5.10795e+26   -3.70927e+27
    5.10795e+26   -1.25287e+28    3.04893e+27
   -3.70927e+27    3.04893e+27   -1.51167e+28

      T-Protein  T-non-Protein
    3.18752e+02    3.19304e+02


       P P   -   P M E   L O A D   B A L A N C I N G

 PP/PME load balancing changed the cut-off and PME settings:
           particle-particle                    PME
            rcoulomb  rlist            grid      spacing   1/beta
   initial  0.800 nm  0.857 nm      44  44  44   0.156 nm  0.256 nm
   final    0.857 nm  0.914 nm      40  40  40   0.171 nm  0.274 nm
 cost-ratio           1.21             0.75
 (note that these numbers concern only part of the total PP and PME load)


	M E G A - F L O P S   A C C O U N T I N G

 NB=Group-cutoff nonbonded kernels    NxN=N-by-N cluster Verlet kernels
 RF=Reaction-Field  VdW=Van der Waals  QSTab=quadratic-spline table
 W3=SPC/TIP3p  W4=TIP4p (single or pairs)
 V&F=Potential and force  V=Potential only  F=Force only

 Computing:                               M-Number         M-Flops  % Flops
-----------------------------------------------------------------------------
 Pair Search distance check            4249.983744       38249.854     0.1
 NxN Ewald Elec. + LJ [F]            923205.735104    60931578.517    94.9
 NxN Ewald Elec. + LJ [V&F]            9342.582080      999656.283     1.6
 1,4 nonbonded interactions             436.608732       39294.786     0.1
 Calc Weights                          4796.495928      172673.853     0.3
 Spread Q Bspline                    102325.246464      204650.493     0.3
 Gather F Bspline                    102325.246464      613951.479     1.0
 3D-FFT                              101918.985720      815351.886     1.3
 Solve PME                               79.853800        5110.643     0.0
 Shift-X                                 63.983976         383.904     0.0
 Angles                                 304.206084       51106.622     0.1
 Propers                                470.309406      107700.854     0.2
 Impropers                               34.200684        7113.742     0.0
 Virial                                  16.042521         288.765     0.0
 Stop-CM                                 16.051952         160.520     0.0
 Calc-Ekin                              639.583952       17268.767     0.0
 Lincs                                  168.560113       10113.607     0.0
 Lincs-Mat                             3650.619024       14602.476     0.0
 Constraint-V                          1768.620742       14148.966     0.0
 Constraint-Vir                          16.032000         384.768     0.0
 Settle                                 477.178629      154128.697     0.2
-----------------------------------------------------------------------------
 Total                                                64197919.481   100.0
-----------------------------------------------------------------------------


     R E A L   C Y C L E   A N D   T I M E   A C C O U N T I N G

On 1 MPI rank, each using 24 OpenMP threads

 Computing:          Num   Num      Call    Wall time         Giga-Cycles
                     Ranks Threads  Count      (s)         total sum    %
-----------------------------------------------------------------------------
 Neighbor search        1   24       2001       2.066        168.615   3.1
 Launch GPU ops.        1   24      50001       1.926        157.127   2.9
 Force                  1   24      50001       8.063        657.926  12.0
 PME mesh               1   24      50001      32.047       2615.035  47.7
 Wait GPU local         1   24      50001       1.058         86.346   1.6
 NB X/F buffer ops.     1   24      98001       7.572        617.846  11.3
 Write traj.            1   24         51       0.148         12.058   0.2
 Update                 1   24      50001       4.108        335.246   6.1
 Constraints            1   24      50001       6.841        558.207  10.2
 Rest                                           3.289        268.416   4.9
-----------------------------------------------------------------------------
 Total                                         67.118       5476.822 100.0
-----------------------------------------------------------------------------
 Breakdown of PME mesh computation
-----------------------------------------------------------------------------
 PME spread/gather      1   24     100002      23.604       1926.042  35.2
 PME 3D-FFT             1   24     100002       7.726        630.461  11.5
 PME solve Elec         1   24      50001       0.361         29.496   0.5
-----------------------------------------------------------------------------

 GPU timings
-----------------------------------------------------------------------------
 Computing:                         Count  Wall t (s)      ms/step       %
-----------------------------------------------------------------------------
 Pair list H2D                       2001       0.485        0.242     1.3
 X / q H2D                          50001       4.769        0.095    12.7
 Nonbonded F kernel                 48000      25.396        0.529    67.6
 Nonbonded F+prune k.                1500       0.948        0.632     2.5
 Nonbonded F+ene+prune k.             501       0.485        0.968     1.3
 F D2H                              50001       5.486        0.110    14.6
-----------------------------------------------------------------------------
 Total                                         37.568        0.751   100.0
-----------------------------------------------------------------------------

Force evaluation time GPU/CPU: 0.751 ms/0.802 ms = 0.937
For optimal performance this ratio should be close to 1!

               Core t (s)   Wall t (s)        (%)
       Time:     1586.154       67.118     2363.2
                 (ns/day)    (hour/ns)
Performance:      128.730        0.186
Finished mdrun on rank 0 Tue Jul  7 11:34:16 2020
